#
# There is insufficient memory for the Java Runtime Environment to continue.
# Native memory allocation (malloc) failed to allocate 942256 bytes for Chunk::new
# Possible reasons:
#   The system is out of physical RAM or swap space
#   The process is running with CompressedOops enabled, and the Java Heap may be blocking the growth of the native heap
# Possible solutions:
#   Reduce memory load on the system
#   Increase physical memory or swap space
#   Check if swap backing store is full
#   Decrease Java heap size (-Xmx/-Xms)
#   Decrease number of Java threads
#   Decrease Java thread stack sizes (-Xss)
#   Set larger code cache with -XX:ReservedCodeCacheSize=
#   JVM is running with Unscaled Compressed Oops mode in which the Java heap is
#     placed in the first 4GB address space. The Java Heap base address is the
#     maximum limit for the native heap growth. Please use -XX:HeapBaseMinAddress
#     to set the Java Heap base and to place the Java Heap above 4GB virtual address.
# This output file may be truncated or incomplete.
#
#  Out of Memory Error (src/hotspot/share/memory/arena.cpp:197), pid=17352, tid=16396
#
# JRE version: OpenJDK Runtime Environment (11.0.15) (build 11.0.15+0-b2043.56-9505619)
# Java VM: OpenJDK 64-Bit Server VM (11.0.15+0-b2043.56-9505619, mixed mode, tiered, compressed oops, g1 gc, windows-amd64)
# No core dump will be written. Minidumps are not enabled by default on client versions of Windows
#

---------------  S U M M A R Y ------------

Command Line: --add-opens=java.base/java.util=ALL-UNNAMED --add-opens=java.base/java.lang=ALL-UNNAMED --add-opens=java.base/java.lang.invoke=ALL-UNNAMED --add-opens=java.base/java.util=ALL-UNNAMED --add-opens=java.prefs/java.util.prefs=ALL-UNNAMED --add-opens=java.prefs/java.util.prefs=ALL-UNNAMED --add-opens=java.base/java.nio.charset=ALL-UNNAMED --add-opens=java.base/java.net=ALL-UNNAMED --add-opens=java.base/java.util.concurrent.atomic=ALL-UNNAMED -Xmx2048m -Dfile.encoding=UTF-8 -Duser.country=US -Duser.language=en -Duser.variant org.gradle.launcher.daemon.bootstrap.GradleDaemon 7.5

Host: Intel(R) Core(TM) i5-10210U CPU @ 1.60GHz, 8 cores, 15G,  Windows 11 , 64 bit Build 22621 (10.0.22621.1344)
Time: Wed May 17 00:55:15 2023 SE Asia Standard Time elapsed time: 33.967877 seconds (0d 0h 0m 33s)

---------------  T H R E A D  ---------------

Current thread (0x00000231c5e4b000):  JavaThread "C2 CompilerThread0" daemon [_thread_in_native, id=16396, stack(0x000000b613500000,0x000000b613600000)]


Current CompileTask:
C2:  33967 13250   !   4       com.sun.tools.javac.parser.JavaTokenizer::readToken (2179 bytes)

Stack: [0x000000b613500000,0x000000b613600000]
Native frames: (J=compiled Java code, j=interpreted, Vv=VM code, C=native code)
V  [jvm.dll+0x64135a]
V  [jvm.dll+0x7d39f9]
V  [jvm.dll+0x7d51b9]
V  [jvm.dll+0x7d58a3]
V  [jvm.dll+0x2691c5]
V  [jvm.dll+0xc1a5c]
V  [jvm.dll+0xc200c]
V  [jvm.dll+0x2da2c2]
V  [jvm.dll+0x54cad9]
V  [jvm.dll+0x22a011]
V  [jvm.dll+0x223809]
V  [jvm.dll+0x220384]
V  [jvm.dll+0x19e851]
V  [jvm.dll+0x230479]
V  [jvm.dll+0x22e5ef]
V  [jvm.dll+0x794de1]
V  [jvm.dll+0x78dc24]
V  [jvm.dll+0x6400f6]
C  [ucrtbase.dll+0x29363]
C  [KERNEL32.DLL+0x126bd]
C  [ntdll.dll+0x5a9f8]


---------------  P R O C E S S  ---------------

Threads class SMR info:
_java_thread_list=0x00000231d1b52e70, length=149, elements={
0x00000231ab0d1000, 0x00000231c5de6000, 0x00000231c5de7000, 0x00000231c5e44800,
0x00000231c5e46800, 0x00000231c5e49800, 0x00000231c5e4b000, 0x00000231c5e4c000,
0x00000231c5e55000, 0x00000231c5fa4800, 0x00000231c8257000, 0x00000231c80b0800,
0x00000231c7237800, 0x00000231c80ab800, 0x00000231c8c77800, 0x00000231c619e800,
0x00000231c6ef1000, 0x00000231c8286000, 0x00000231c7ec9800, 0x00000231c8cd7000,
0x00000231c9129800, 0x00000231c9124800, 0x00000231c9129000, 0x00000231c912a800,
0x00000231c9128000, 0x00000231c912b800, 0x00000231c9125800, 0x00000231c9126800,
0x00000231c9127000, 0x00000231caffe000, 0x00000231caff9000, 0x00000231caff8800,
0x00000231caffd000, 0x00000231cb000800, 0x00000231caffa800, 0x00000231cb001800,
0x00000231caffc800, 0x00000231cb004800, 0x00000231cb005800, 0x00000231cb006000,
0x00000231cb003000, 0x00000231cb003800, 0x00000231cb007000, 0x00000231c661a800,
0x00000231c661d800, 0x00000231c661b000, 0x00000231c661e800, 0x00000231c661f800,
0x00000231c6621000, 0x00000231c6621800, 0x00000231c661c000, 0x00000231c6622800,
0x00000231c661d000, 0x00000231c6623800, 0x00000231c6624000, 0x00000231c6625000,
0x00000231c6620000, 0x00000231c6626000, 0x00000231c6629000, 0x00000231c6626800,
0x00000231c6628000, 0x00000231c6627800, 0x00000231c8aed800, 0x00000231c8af1800,
0x00000231c8aef000, 0x00000231c8af4000, 0x00000231c8af0000, 0x00000231c8af3000,
0x00000231c8af2000, 0x00000231c8aee000, 0x00000231c8af4800, 0x00000231c8af5800,
0x00000231c8af6800, 0x00000231c8af0800, 0x00000231c8af7000, 0x00000231c8af8000,
0x00000231c8af9800, 0x00000231c8afa800, 0x00000231c8afb000, 0x00000231c8afc000,
0x00000231c8af9000, 0x00000231c9aef000, 0x00000231c9aee000, 0x00000231c9af1800,
0x00000231c9af2000, 0x00000231c9aec800, 0x00000231c9aed800, 0x00000231c9af3000,
0x00000231c9af4800, 0x00000231c9af5800, 0x00000231c9af0800, 0x00000231c9af4000,
0x00000231c9aef800, 0x00000231c9af8000, 0x00000231c9af6000, 0x00000231c9af7000,
0x00000231c9af8800, 0x00000231c9af9800, 0x00000231c9afa800, 0x00000231c9afb000,
0x00000231cb3d2000, 0x00000231cb3d1000, 0x00000231cb3cc000, 0x00000231cb3ce000,
0x00000231cb3cd000, 0x00000231cb3cf800, 0x00000231cb3d0800, 0x00000231cb3d2800,
0x00000231cb3d3800, 0x00000231cb3d4800, 0x00000231cb3ce800, 0x00000231cb3d6000,
0x00000231cb3d5000, 0x00000231cb3d8800, 0x00000231cb3da000, 0x00000231cb3d7000,
0x00000231cb3d7800, 0x00000231cb3d9000, 0x00000231cb3db000, 0x00000231c8437800,
0x00000231c8436000, 0x00000231c8438800, 0x00000231c843a000, 0x00000231c843b000,
0x00000231c8435000, 0x00000231c843b800, 0x00000231c843c800, 0x00000231c8436800,
0x00000231c8442000, 0x00000231c8443000, 0x00000231c843f000, 0x00000231c843e000,
0x00000231c843d800, 0x00000231c843f800, 0x00000231c8440800, 0x00000231cf36a000,
0x00000231cf369000, 0x00000231cf36b800, 0x00000231cf36a800, 0x00000231cf36c800,
0x00000231cf36d000, 0x00000231cf368800, 0x00000231cf36e000, 0x00000231cf36f000,
0x00000231cf6ad000, 0x00000231cf6b0000, 0x00000231cf6ae800, 0x00000231cb60a000,
0x00000231cb607800
}

Java Threads: ( => current thread )
  0x00000231ab0d1000 JavaThread "main" [_thread_blocked, id=7224, stack(0x000000b612900000,0x000000b612a00000)]
  0x00000231c5de6000 JavaThread "Reference Handler" daemon [_thread_blocked, id=21660, stack(0x000000b613000000,0x000000b613100000)]
  0x00000231c5de7000 JavaThread "Finalizer" daemon [_thread_blocked, id=9960, stack(0x000000b613100000,0x000000b613200000)]
  0x00000231c5e44800 JavaThread "Signal Dispatcher" daemon [_thread_blocked, id=13904, stack(0x000000b613200000,0x000000b613300000)]
  0x00000231c5e46800 JavaThread "Attach Listener" daemon [_thread_blocked, id=5304, stack(0x000000b613300000,0x000000b613400000)]
  0x00000231c5e49800 JavaThread "Service Thread" daemon [_thread_blocked, id=10000, stack(0x000000b613400000,0x000000b613500000)]
=>0x00000231c5e4b000 JavaThread "C2 CompilerThread0" daemon [_thread_in_native, id=16396, stack(0x000000b613500000,0x000000b613600000)]
  0x00000231c5e4c000 JavaThread "C1 CompilerThread0" daemon [_thread_in_native, id=20672, stack(0x000000b613600000,0x000000b613700000)]
  0x00000231c5e55000 JavaThread "Sweeper thread" daemon [_thread_blocked, id=23000, stack(0x000000b613700000,0x000000b613800000)]
  0x00000231c5fa4800 JavaThread "Common-Cleaner" daemon [_thread_blocked, id=10036, stack(0x000000b613800000,0x000000b613900000)]
  0x00000231c8257000 JavaThread "Daemon health stats" [_thread_blocked, id=10276, stack(0x000000b614100000,0x000000b614200000)]
  0x00000231c80b0800 JavaThread "Incoming local TCP Connector on port 58372" [_thread_in_native, id=22800, stack(0x000000b613a00000,0x000000b613b00000)]
  0x00000231c7237800 JavaThread "Daemon periodic checks" [_thread_blocked, id=12496, stack(0x000000b614000000,0x000000b614100000)]
  0x00000231c80ab800 JavaThread "Daemon" [_thread_blocked, id=19512, stack(0x000000b614200000,0x000000b614300000)]
  0x00000231c8c77800 JavaThread "Handler for socket connection from /127.0.0.1:58372 to /127.0.0.1:58373" [_thread_in_native, id=14800, stack(0x000000b614300000,0x000000b614400000)]
  0x00000231c619e800 JavaThread "Cancel handler" [_thread_blocked, id=16864, stack(0x000000b614400000,0x000000b614500000)]
  0x00000231c6ef1000 JavaThread "Daemon worker" [_thread_blocked, id=19052, stack(0x000000b614500000,0x000000b614600000)]
  0x00000231c8286000 JavaThread "Asynchronous log dispatcher for DefaultDaemonConnection: socket connection from /127.0.0.1:58372 to /127.0.0.1:58373" [_thread_blocked, id=18452, stack(0x000000b614600000,0x000000b614700000)]
  0x00000231c7ec9800 JavaThread "Stdin handler" [_thread_blocked, id=15792, stack(0x000000b614700000,0x000000b614800000)]
  0x00000231c8cd7000 JavaThread "Daemon client event forwarder" [_thread_blocked, id=6924, stack(0x000000b614800000,0x000000b614900000)]
  0x00000231c9129800 JavaThread "Cache worker for journal cache (C:\Users\vuong\.gradle\caches\journal-1)" [_thread_blocked, id=16740, stack(0x000000b614900000,0x000000b614a00000)]
  0x00000231c9124800 JavaThread "File lock request listener" [_thread_in_native, id=12764, stack(0x000000b614a00000,0x000000b614b00000)]
  0x00000231c9129000 JavaThread "Cache worker for file hash cache (C:\Users\vuong\.gradle\caches\7.5\fileHashes)" [_thread_blocked, id=22776, stack(0x000000b614b00000,0x000000b614c00000)]
  0x00000231c912a800 JavaThread "File watcher server" daemon [_thread_in_native, id=2844, stack(0x000000b615000000,0x000000b615100000)]
  0x00000231c9128000 JavaThread "File watcher consumer" daemon [_thread_blocked, id=19552, stack(0x000000b615100000,0x000000b615200000)]
  0x00000231c912b800 JavaThread "Cache worker for checksums cache (C:\Users\vuong\Desktop\AndroidProjectFinal\MyGroceryStore\.gradle\7.5\checksums)" [_thread_blocked, id=8780, stack(0x000000b615200000,0x000000b615300000)]
  0x00000231c9125800 JavaThread "Cache worker for cache directory md-rule (C:\Users\vuong\.gradle\caches\7.5\md-rule)" [_thread_blocked, id=19424, stack(0x000000b615300000,0x000000b615400000)]
  0x00000231c9126800 JavaThread "Cache worker for file content cache (C:\Users\vuong\.gradle\caches\7.5\fileContent)" [_thread_blocked, id=13076, stack(0x000000b615400000,0x000000b615500000)]
  0x00000231c9127000 JavaThread "Cache worker for file hash cache (C:\Users\vuong\Desktop\AndroidProjectFinal\MyGroceryStore\.gradle\7.5\fileHashes)" [_thread_blocked, id=4400, stack(0x000000b615500000,0x000000b615600000)]
  0x00000231caffe000 JavaThread "Cache worker for cache directory md-supplier (C:\Users\vuong\.gradle\caches\7.5\md-supplier)" [_thread_blocked, id=18336, stack(0x000000b615600000,0x000000b615700000)]
  0x00000231caff9000 JavaThread "Cache worker for execution history cache (C:\Users\vuong\.gradle\caches\7.5\executionHistory)" [_thread_blocked, id=8676, stack(0x000000b615700000,0x000000b615800000)]
  0x00000231caff8800 JavaThread "jar transforms" [_thread_blocked, id=2652, stack(0x000000b615800000,0x000000b615900000)]
  0x00000231caffd000 JavaThread "jar transforms Thread 2" [_thread_blocked, id=12864, stack(0x000000b615900000,0x000000b615a00000)]
  0x00000231cb000800 JavaThread "jar transforms Thread 3" [_thread_blocked, id=22240, stack(0x000000b615a00000,0x000000b615b00000)]
  0x00000231caffa800 JavaThread "jar transforms Thread 4" [_thread_blocked, id=19920, stack(0x000000b615b00000,0x000000b615c00000)]
  0x00000231cb001800 JavaThread "Cache worker for dependencies-accessors (C:\Users\vuong\Desktop\AndroidProjectFinal\MyGroceryStore\.gradle\7.5\dependencies-accessors)" [_thread_blocked, id=17580, stack(0x000000b615c00000,0x000000b615d00000)]
  0x00000231caffc800 JavaThread "jar transforms Thread 5" [_thread_blocked, id=4760, stack(0x000000b615d00000,0x000000b615e00000)]
  0x00000231cb004800 JavaThread "Cache worker for Build Output Cleanup Cache (C:\Users\vuong\Desktop\AndroidProjectFinal\MyGroceryStore\.gradle\buildOutputCleanup)" [_thread_blocked, id=4116, stack(0x000000b615e00000,0x000000b615f00000)]
  0x00000231cb005800 JavaThread "Unconstrained build operations" [_thread_blocked, id=8508, stack(0x000000b615f00000,0x000000b616000000)]
  0x00000231cb006000 JavaThread "Unconstrained build operations Thread 2" [_thread_blocked, id=23116, stack(0x000000b616000000,0x000000b616100000)]
  0x00000231cb003000 JavaThread "Unconstrained build operations Thread 3" [_thread_blocked, id=21392, stack(0x000000b616100000,0x000000b616200000)]
  0x00000231cb003800 JavaThread "Unconstrained build operations Thread 4" [_thread_blocked, id=21516, stack(0x000000b616200000,0x000000b616300000)]
  0x00000231cb007000 JavaThread "Unconstrained build operations Thread 5" [_thread_blocked, id=15404, stack(0x000000b616300000,0x000000b616400000)]
  0x00000231c661a800 JavaThread "Unconstrained build operations Thread 6" [_thread_blocked, id=23040, stack(0x000000b616400000,0x000000b616500000)]
  0x00000231c661d800 JavaThread "Unconstrained build operations Thread 7" [_thread_blocked, id=19916, stack(0x000000b616500000,0x000000b616600000)]
  0x00000231c661b000 JavaThread "Unconstrained build operations Thread 8" [_thread_blocked, id=19580, stack(0x000000b616600000,0x000000b616700000)]
  0x00000231c661e800 JavaThread "Unconstrained build operations Thread 9" [_thread_blocked, id=7116, stack(0x000000b616700000,0x000000b616800000)]
  0x00000231c661f800 JavaThread "Unconstrained build operations Thread 10" [_thread_blocked, id=14856, stack(0x000000b616800000,0x000000b616900000)]
  0x00000231c6621000 JavaThread "Unconstrained build operations Thread 11" [_thread_blocked, id=19680, stack(0x000000b616900000,0x000000b616a00000)]
  0x00000231c6621800 JavaThread "Unconstrained build operations Thread 12" [_thread_blocked, id=1648, stack(0x000000b616a00000,0x000000b616b00000)]
  0x00000231c661c000 JavaThread "Unconstrained build operations Thread 13" [_thread_blocked, id=18072, stack(0x000000b616b00000,0x000000b616c00000)]
  0x00000231c6622800 JavaThread "Unconstrained build operations Thread 14" [_thread_blocked, id=16500, stack(0x000000b616c00000,0x000000b616d00000)]
  0x00000231c661d000 JavaThread "Unconstrained build operations Thread 15" [_thread_blocked, id=12376, stack(0x000000b616d00000,0x000000b616e00000)]
  0x00000231c6623800 JavaThread "Unconstrained build operations Thread 16" [_thread_blocked, id=9540, stack(0x000000b616e00000,0x000000b616f00000)]
  0x00000231c6624000 JavaThread "Unconstrained build operations Thread 17" [_thread_blocked, id=22256, stack(0x000000b616f00000,0x000000b617000000)]
  0x00000231c6625000 JavaThread "Unconstrained build operations Thread 18" [_thread_blocked, id=21412, stack(0x000000b617000000,0x000000b617100000)]
  0x00000231c6620000 JavaThread "Unconstrained build operations Thread 19" [_thread_blocked, id=20988, stack(0x000000b617100000,0x000000b617200000)]
  0x00000231c6626000 JavaThread "Unconstrained build operations Thread 20" [_thread_blocked, id=16224, stack(0x000000b617200000,0x000000b617300000)]
  0x00000231c6629000 JavaThread "Unconstrained build operations Thread 21" [_thread_blocked, id=21704, stack(0x000000b617300000,0x000000b617400000)]
  0x00000231c6626800 JavaThread "Unconstrained build operations Thread 22" [_thread_blocked, id=14484, stack(0x000000b617400000,0x000000b617500000)]
  0x00000231c6628000 JavaThread "Unconstrained build operations Thread 23" [_thread_blocked, id=17896, stack(0x000000b617500000,0x000000b617600000)]
  0x00000231c6627800 JavaThread "Unconstrained build operations Thread 24" [_thread_blocked, id=20596, stack(0x000000b617600000,0x000000b617700000)]
  0x00000231c8aed800 JavaThread "Unconstrained build operations Thread 25" [_thread_blocked, id=11588, stack(0x000000b617700000,0x000000b617800000)]
  0x00000231c8af1800 JavaThread "Unconstrained build operations Thread 26" [_thread_blocked, id=12356, stack(0x000000b617800000,0x000000b617900000)]
  0x00000231c8aef000 JavaThread "Unconstrained build operations Thread 27" [_thread_blocked, id=5056, stack(0x000000b617900000,0x000000b617a00000)]
  0x00000231c8af4000 JavaThread "Unconstrained build operations Thread 28" [_thread_blocked, id=12296, stack(0x000000b617a00000,0x000000b617b00000)]
  0x00000231c8af0000 JavaThread "Unconstrained build operations Thread 29" [_thread_blocked, id=16884, stack(0x000000b617b00000,0x000000b617c00000)]
  0x00000231c8af3000 JavaThread "Unconstrained build operations Thread 30" [_thread_blocked, id=2796, stack(0x000000b617c00000,0x000000b617d00000)]
  0x00000231c8af2000 JavaThread "Unconstrained build operations Thread 31" [_thread_blocked, id=12040, stack(0x000000b617d00000,0x000000b617e00000)]
  0x00000231c8aee000 JavaThread "Unconstrained build operations Thread 32" [_thread_blocked, id=23460, stack(0x000000b617e00000,0x000000b617f00000)]
  0x00000231c8af4800 JavaThread "Unconstrained build operations Thread 33" [_thread_blocked, id=9020, stack(0x000000b617f00000,0x000000b618000000)]
  0x00000231c8af5800 JavaThread "Unconstrained build operations Thread 34" [_thread_blocked, id=9524, stack(0x000000b618000000,0x000000b618100000)]
  0x00000231c8af6800 JavaThread "Unconstrained build operations Thread 35" [_thread_blocked, id=10460, stack(0x000000b618100000,0x000000b618200000)]
  0x00000231c8af0800 JavaThread "Unconstrained build operations Thread 36" [_thread_blocked, id=18556, stack(0x000000b618200000,0x000000b618300000)]
  0x00000231c8af7000 JavaThread "Unconstrained build operations Thread 37" [_thread_blocked, id=20848, stack(0x000000b618300000,0x000000b618400000)]
  0x00000231c8af8000 JavaThread "Unconstrained build operations Thread 38" [_thread_blocked, id=1660, stack(0x000000b618400000,0x000000b618500000)]
  0x00000231c8af9800 JavaThread "Unconstrained build operations Thread 39" [_thread_blocked, id=19812, stack(0x000000b618500000,0x000000b618600000)]
  0x00000231c8afa800 JavaThread "Unconstrained build operations Thread 40" [_thread_blocked, id=4788, stack(0x000000b618600000,0x000000b618700000)]
  0x00000231c8afb000 JavaThread "Unconstrained build operations Thread 41" [_thread_blocked, id=17196, stack(0x000000b618700000,0x000000b618800000)]
  0x00000231c8afc000 JavaThread "Unconstrained build operations Thread 42" [_thread_blocked, id=23440, stack(0x000000b618800000,0x000000b618900000)]
  0x00000231c8af9000 JavaThread "Unconstrained build operations Thread 43" [_thread_blocked, id=19436, stack(0x000000b618900000,0x000000b618a00000)]
  0x00000231c9aef000 JavaThread "Unconstrained build operations Thread 44" [_thread_blocked, id=8276, stack(0x000000b618a00000,0x000000b618b00000)]
  0x00000231c9aee000 JavaThread "Unconstrained build operations Thread 45" [_thread_blocked, id=20348, stack(0x000000b618b00000,0x000000b618c00000)]
  0x00000231c9af1800 JavaThread "Unconstrained build operations Thread 46" [_thread_blocked, id=7972, stack(0x000000b618c00000,0x000000b618d00000)]
  0x00000231c9af2000 JavaThread "Unconstrained build operations Thread 47" [_thread_blocked, id=9016, stack(0x000000b618d00000,0x000000b618e00000)]
  0x00000231c9aec800 JavaThread "Unconstrained build operations Thread 48" [_thread_blocked, id=19808, stack(0x000000b618e00000,0x000000b618f00000)]
  0x00000231c9aed800 JavaThread "Unconstrained build operations Thread 49" [_thread_blocked, id=17828, stack(0x000000b618f00000,0x000000b619000000)]
  0x00000231c9af3000 JavaThread "Unconstrained build operations Thread 50" [_thread_blocked, id=21888, stack(0x000000b619000000,0x000000b619100000)]
  0x00000231c9af4800 JavaThread "Unconstrained build operations Thread 51" [_thread_blocked, id=15040, stack(0x000000b619100000,0x000000b619200000)]
  0x00000231c9af5800 JavaThread "Unconstrained build operations Thread 52" [_thread_blocked, id=20088, stack(0x000000b619200000,0x000000b619300000)]
  0x00000231c9af0800 JavaThread "Unconstrained build operations Thread 53" [_thread_blocked, id=19692, stack(0x000000b619300000,0x000000b619400000)]
  0x00000231c9af4000 JavaThread "Unconstrained build operations Thread 54" [_thread_blocked, id=12428, stack(0x000000b619400000,0x000000b619500000)]
  0x00000231c9aef800 JavaThread "Unconstrained build operations Thread 55" [_thread_blocked, id=13404, stack(0x000000b619500000,0x000000b619600000)]
  0x00000231c9af8000 JavaThread "Unconstrained build operations Thread 56" [_thread_blocked, id=16716, stack(0x000000b619600000,0x000000b619700000)]
  0x00000231c9af6000 JavaThread "Unconstrained build operations Thread 57" [_thread_blocked, id=8380, stack(0x000000b619700000,0x000000b619800000)]
  0x00000231c9af7000 JavaThread "Unconstrained build operations Thread 58" [_thread_blocked, id=9488, stack(0x000000b619800000,0x000000b619900000)]
  0x00000231c9af8800 JavaThread "Unconstrained build operations Thread 59" [_thread_blocked, id=10412, stack(0x000000b619900000,0x000000b619a00000)]
  0x00000231c9af9800 JavaThread "Unconstrained build operations Thread 60" [_thread_blocked, id=19024, stack(0x000000b619a00000,0x000000b619b00000)]
  0x00000231c9afa800 JavaThread "Unconstrained build operations Thread 61" [_thread_blocked, id=13556, stack(0x000000b619b00000,0x000000b619c00000)]
  0x00000231c9afb000 JavaThread "Unconstrained build operations Thread 62" [_thread_blocked, id=21056, stack(0x000000b619c00000,0x000000b619d00000)]
  0x00000231cb3d2000 JavaThread "Unconstrained build operations Thread 63" [_thread_blocked, id=4500, stack(0x000000b619d00000,0x000000b619e00000)]
  0x00000231cb3d1000 JavaThread "Unconstrained build operations Thread 64" [_thread_blocked, id=19980, stack(0x000000b619e00000,0x000000b619f00000)]
  0x00000231cb3cc000 JavaThread "Unconstrained build operations Thread 65" [_thread_blocked, id=20880, stack(0x000000b619f00000,0x000000b61a000000)]
  0x00000231cb3ce000 JavaThread "Unconstrained build operations Thread 66" [_thread_blocked, id=16924, stack(0x000000b61a000000,0x000000b61a100000)]
  0x00000231cb3cd000 JavaThread "Unconstrained build operations Thread 67" [_thread_blocked, id=1176, stack(0x000000b61a100000,0x000000b61a200000)]
  0x00000231cb3cf800 JavaThread "Unconstrained build operations Thread 68" [_thread_blocked, id=22308, stack(0x000000b61a200000,0x000000b61a300000)]
  0x00000231cb3d0800 JavaThread "Unconstrained build operations Thread 69" [_thread_blocked, id=1500, stack(0x000000b61a300000,0x000000b61a400000)]
  0x00000231cb3d2800 JavaThread "Unconstrained build operations Thread 70" [_thread_blocked, id=18416, stack(0x000000b61a400000,0x000000b61a500000)]
  0x00000231cb3d3800 JavaThread "Unconstrained build operations Thread 71" [_thread_blocked, id=2244, stack(0x000000b61a500000,0x000000b61a600000)]
  0x00000231cb3d4800 JavaThread "Unconstrained build operations Thread 72" [_thread_blocked, id=7688, stack(0x000000b61a600000,0x000000b61a700000)]
  0x00000231cb3ce800 JavaThread "Unconstrained build operations Thread 73" [_thread_blocked, id=18948, stack(0x000000b61a700000,0x000000b61a800000)]
  0x00000231cb3d6000 JavaThread "Unconstrained build operations Thread 74" [_thread_blocked, id=18476, stack(0x000000b61a800000,0x000000b61a900000)]
  0x00000231cb3d5000 JavaThread "Unconstrained build operations Thread 75" [_thread_blocked, id=16836, stack(0x000000b61a900000,0x000000b61aa00000)]
  0x00000231cb3d8800 JavaThread "Unconstrained build operations Thread 76" [_thread_blocked, id=3432, stack(0x000000b61aa00000,0x000000b61ab00000)]
  0x00000231cb3da000 JavaThread "Unconstrained build operations Thread 77" [_thread_blocked, id=20192, stack(0x000000b61ab00000,0x000000b61ac00000)]
  0x00000231cb3d7000 JavaThread "Unconstrained build operations Thread 78" [_thread_blocked, id=5436, stack(0x000000b61ac00000,0x000000b61ad00000)]
  0x00000231cb3d7800 JavaThread "Unconstrained build operations Thread 79" [_thread_blocked, id=4192, stack(0x000000b61ad00000,0x000000b61ae00000)]
  0x00000231cb3d9000 JavaThread "Unconstrained build operations Thread 80" [_thread_blocked, id=22792, stack(0x000000b61ae00000,0x000000b61af00000)]
  0x00000231cb3db000 JavaThread "jar transforms Thread 6" [_thread_blocked, id=12732, stack(0x000000b61af00000,0x000000b61b000000)]
  0x00000231c8437800 JavaThread "jar transforms Thread 7" [_thread_blocked, id=9892, stack(0x000000b61b000000,0x000000b61b100000)]
  0x00000231c8436000 JavaThread "jar transforms Thread 8" [_thread_blocked, id=1884, stack(0x000000b61b100000,0x000000b61b200000)]
  0x00000231c8438800 JavaThread "build event listener" [_thread_blocked, id=2948, stack(0x000000b61b200000,0x000000b61b300000)]
  0x00000231c843a000 JavaThread "Memory manager" [_thread_blocked, id=22148, stack(0x000000b61b300000,0x000000b61b400000)]
  0x00000231c843b000 JavaThread "pool-3-thread-1" [_thread_blocked, id=2312, stack(0x000000b61b500000,0x000000b61b600000)]
  0x00000231c8435000 JavaThread "build event listener" [_thread_blocked, id=15560, stack(0x000000b61b900000,0x000000b61ba00000)]
  0x00000231c843b800 JavaThread "included builds" [_thread_blocked, id=4728, stack(0x000000b61ba00000,0x000000b61bb00000)]
  0x00000231c843c800 JavaThread "Execution worker" [_thread_blocked, id=19732, stack(0x000000b61bb00000,0x000000b61bc00000)]
  0x00000231c8436800 JavaThread "Execution worker Thread 2" [_thread_blocked, id=16352, stack(0x000000b61bc00000,0x000000b61bd00000)]
  0x00000231c8442000 JavaThread "Execution worker Thread 3" [_thread_blocked, id=23340, stack(0x000000b61bd00000,0x000000b61be00000)]
  0x00000231c8443000 JavaThread "Execution worker Thread 4" [_thread_blocked, id=22056, stack(0x000000b61be00000,0x000000b61bf00000)]
  0x00000231c843f000 JavaThread "Execution worker Thread 5" [_thread_blocked, id=9676, stack(0x000000b61bf00000,0x000000b61c000000)]
  0x00000231c843e000 JavaThread "Execution worker Thread 6" [_thread_in_Java, id=21668, stack(0x000000b61c000000,0x000000b61c100000)]
  0x00000231c843d800 JavaThread "Execution worker Thread 7" [_thread_blocked, id=4896, stack(0x000000b61c100000,0x000000b61c200000)]
  0x00000231c843f800 JavaThread "Cache worker for execution history cache (C:\Users\vuong\Desktop\AndroidProjectFinal\MyGroceryStore\.gradle\7.5\executionHistory)" [_thread_blocked, id=11760, stack(0x000000b61c200000,0x000000b61c300000)]
  0x00000231c8440800 JavaThread "WorkerExecutor Queue" [_thread_blocked, id=16316, stack(0x000000b61c300000,0x000000b61c400000)]
  0x00000231cf36a000 JavaThread "pool-4-thread-1" [_thread_blocked, id=16088, stack(0x000000b61c400000,0x000000b61c500000)]
  0x00000231cf369000 JavaThread "stderr" [_thread_in_native, id=12908, stack(0x000000b61c500000,0x000000b61c600000)]
  0x00000231cf36b800 JavaThread "stdout" [_thread_in_native, id=10752, stack(0x000000b61c600000,0x000000b61c700000)]
  0x00000231cf36a800 JavaThread "Cache worker for Java compile cache (C:\Users\vuong\.gradle\caches\7.5\javaCompile)" [_thread_blocked, id=14512, stack(0x000000b61b400000,0x000000b61b500000)]
  0x00000231cf36c800 JavaThread "Build operations" [_thread_blocked, id=14204, stack(0x000000b61c700000,0x000000b61c800000)]
  0x00000231cf36d000 JavaThread "Build operations Thread 2" [_thread_blocked, id=21344, stack(0x000000b61c800000,0x000000b61c900000)]
  0x00000231cf368800 JavaThread "Build operations Thread 3" [_thread_blocked, id=7740, stack(0x000000b61c900000,0x000000b61ca00000)]
  0x00000231cf36e000 JavaThread "Build operations Thread 4" [_thread_blocked, id=1972, stack(0x000000b61ca00000,0x000000b61cb00000)]
  0x00000231cf36f000 JavaThread "Build operations Thread 5" [_thread_blocked, id=15256, stack(0x000000b61cb00000,0x000000b61cc00000)]
  0x00000231cf6ad000 JavaThread "Build operations Thread 6" [_thread_blocked, id=20496, stack(0x000000b61cc00000,0x000000b61cd00000)]
  0x00000231cf6b0000 JavaThread "Build operations Thread 7" [_thread_blocked, id=2752, stack(0x000000b61cd00000,0x000000b61ce00000)]
  0x00000231cf6ae800 JavaThread "Build operations Thread 8" [_thread_blocked, id=22304, stack(0x000000b61ce00000,0x000000b61cf00000)]
  0x00000231cb60a000 JavaThread "C2 CompilerThread1" daemon [_thread_in_native, id=8104, stack(0x000000b612700000,0x000000b612800000)]
  0x00000231cb607800 JavaThread "C2 CompilerThread2" daemon [_thread_in_native, id=13176, stack(0x000000b614f00000,0x000000b615000000)]

Other Threads:
  0x00000231c5de2000 VMThread "VM Thread" [stack: 0x000000b612f00000,0x000000b613000000] [id=22032]
  0x00000231c5fa6000 WatcherThread [stack: 0x000000b613900000,0x000000b613a00000] [id=18260]
  0x00000231ab0eb000 GCTaskThread "GC Thread#0" [stack: 0x000000b612a00000,0x000000b612b00000] [id=5484]
  0x00000231c73a2000 GCTaskThread "GC Thread#1" [stack: 0x000000b613b00000,0x000000b613c00000] [id=15552]
  0x00000231c7005000 GCTaskThread "GC Thread#2" [stack: 0x000000b613c00000,0x000000b613d00000] [id=9848]
  0x00000231c697a000 GCTaskThread "GC Thread#3" [stack: 0x000000b613d00000,0x000000b613e00000] [id=20736]
  0x00000231c6ac2800 GCTaskThread "GC Thread#4" [stack: 0x000000b613e00000,0x000000b613f00000] [id=8396]
  0x00000231c737b000 GCTaskThread "GC Thread#5" [stack: 0x000000b613f00000,0x000000b614000000] [id=17720]
  0x00000231c8f51800 GCTaskThread "GC Thread#6" [stack: 0x000000b614c00000,0x000000b614d00000] [id=21596]
  0x00000231c8a60800 GCTaskThread "GC Thread#7" [stack: 0x000000b614d00000,0x000000b614e00000] [id=16848]
  0x00000231ab11c000 ConcurrentGCThread "G1 Main Marker" [stack: 0x000000b612b00000,0x000000b612c00000] [id=22108]
  0x00000231ab11e000 ConcurrentGCThread "G1 Conc#0" [stack: 0x000000b612c00000,0x000000b612d00000] [id=13692]
  0x00000231c90b4000 ConcurrentGCThread "G1 Conc#1" [stack: 0x000000b614e00000,0x000000b614f00000] [id=15856]
  0x00000231c5430800 ConcurrentGCThread "G1 Refine#0" [stack: 0x000000b612d00000,0x000000b612e00000] [id=2668]
  0x00000231c97df800 ConcurrentGCThread "G1 Refine#1" [stack: 0x000000b61b600000,0x000000b61b700000] [id=12260]
  0x00000231cf5bc000 ConcurrentGCThread "G1 Refine#2" [stack: 0x000000b61b700000,0x000000b61b800000] [id=23420]
  0x00000231c8dc4000 ConcurrentGCThread "G1 Refine#3" [stack: 0x000000b61b800000,0x000000b61b900000] [id=17832]
  0x00000231c5433000 ConcurrentGCThread "G1 Young RemSet Sampling" [stack: 0x000000b612e00000,0x000000b612f00000] [id=15048]

Threads with active compile tasks:
C2 CompilerThread0    34028 13250   !   4       com.sun.tools.javac.parser.JavaTokenizer::readToken (2179 bytes)
C1 CompilerThread0    34028 13352       3       com.sun.tools.javac.file.PathFileObject::hashCode (10 bytes)
C2 CompilerThread1    34028 13328       4       sun.nio.cs.UTF_8$Decoder::decodeArrayLoop (691 bytes)
C2 CompilerThread2    34028 13340       4       com.sun.tools.javac.parser.JavaTokenizer::scanIdent (733 bytes)

VM state:not at safepoint (normal execution)

VM Mutex/Monitor currently owned by a thread: None

Heap address: 0x0000000080000000, size: 2048 MB, Compressed Oops mode: 32-bit
Narrow klass base: 0x0000000000000000, Narrow klass shift: 3
Compressed class space size: 1073741824 Address: 0x0000000100000000

Heap:
 garbage-first heap   total 260096K, used 140496K [0x0000000080000000, 0x0000000100000000)
  region size 1024K, 25 young (25600K), 7 survivors (7168K)
 Metaspace       used 101449K, capacity 104223K, committed 104484K, reserved 1140736K
  class space    used 12960K, capacity 14021K, committed 14156K, reserved 1048576K
Heap Regions: E=young(eden), S=young(survivor), O=old, HS=humongous(starts), HC=humongous(continues), CS=collection set, F=free, A=archive, TAMS=top-at-mark-start (previous, next)
|   0|0x0000000080000000, 0x0000000080100000, 0x0000000080100000|100%| O|  |TAMS 0x0000000080100000, 0x0000000080000000| Untracked 
|   1|0x0000000080100000, 0x0000000080200000, 0x0000000080200000|100%| O|  |TAMS 0x0000000080200000, 0x0000000080100000| Untracked 
|   2|0x0000000080200000, 0x0000000080300000, 0x0000000080300000|100%| O|  |TAMS 0x0000000080300000, 0x0000000080200000| Untracked 
|   3|0x0000000080300000, 0x0000000080400000, 0x0000000080400000|100%|HS|  |TAMS 0x0000000080400000, 0x0000000080300000| Complete 
|   4|0x0000000080400000, 0x0000000080500000, 0x0000000080500000|100%|HC|  |TAMS 0x0000000080500000, 0x0000000080400000| Complete 
|   5|0x0000000080500000, 0x0000000080600000, 0x0000000080600000|100%|HC|  |TAMS 0x0000000080600000, 0x0000000080500000| Complete 
|   6|0x0000000080600000, 0x0000000080700000, 0x0000000080700000|100%| O|  |TAMS 0x0000000080700000, 0x0000000080600000| Untracked 
|   7|0x0000000080700000, 0x0000000080800000, 0x0000000080800000|100%| O|  |TAMS 0x0000000080800000, 0x0000000080700000| Untracked 
|   8|0x0000000080800000, 0x0000000080900000, 0x0000000080900000|100%| O|  |TAMS 0x0000000080900000, 0x0000000080800000| Untracked 
|   9|0x0000000080900000, 0x0000000080a00000, 0x0000000080a00000|100%| O|  |TAMS 0x0000000080a00000, 0x0000000080900000| Untracked 
|  10|0x0000000080a00000, 0x0000000080b00000, 0x0000000080b00000|100%| O|  |TAMS 0x0000000080b00000, 0x0000000080a00000| Untracked 
|  11|0x0000000080b00000, 0x0000000080c00000, 0x0000000080c00000|100%| O|  |TAMS 0x0000000080c00000, 0x0000000080b00000| Untracked 
|  12|0x0000000080c00000, 0x0000000080d00000, 0x0000000080d00000|100%| O|  |TAMS 0x0000000080d00000, 0x0000000080c00000| Untracked 
|  13|0x0000000080d00000, 0x0000000080e00000, 0x0000000080e00000|100%| O|  |TAMS 0x0000000080e00000, 0x0000000080d00000| Untracked 
|  14|0x0000000080e00000, 0x0000000080f00000, 0x0000000080f00000|100%| O|  |TAMS 0x0000000080f00000, 0x0000000080e00000| Untracked 
|  15|0x0000000080f00000, 0x0000000081000000, 0x0000000081000000|100%| O|  |TAMS 0x0000000081000000, 0x0000000080f00000| Untracked 
|  16|0x0000000081000000, 0x0000000081100000, 0x0000000081100000|100%| O|  |TAMS 0x0000000081100000, 0x0000000081000000| Untracked 
|  17|0x0000000081100000, 0x0000000081200000, 0x0000000081200000|100%|HS|  |TAMS 0x0000000081200000, 0x0000000081100000| Complete 
|  18|0x0000000081200000, 0x0000000081300000, 0x0000000081300000|100%|HS|  |TAMS 0x0000000081300000, 0x0000000081200000| Complete 
|  19|0x0000000081300000, 0x0000000081400000, 0x0000000081400000|100%| O|  |TAMS 0x0000000081400000, 0x0000000081300000| Untracked 
|  20|0x0000000081400000, 0x0000000081500000, 0x0000000081500000|100%| O|  |TAMS 0x0000000081500000, 0x0000000081400000| Untracked 
|  21|0x0000000081500000, 0x0000000081600000, 0x0000000081600000|100%| O|  |TAMS 0x0000000081600000, 0x0000000081500000| Untracked 
|  22|0x0000000081600000, 0x0000000081700000, 0x0000000081700000|100%| O|  |TAMS 0x0000000081700000, 0x0000000081600000| Untracked 
|  23|0x0000000081700000, 0x0000000081800000, 0x0000000081800000|100%| O|  |TAMS 0x0000000081800000, 0x0000000081700000| Untracked 
|  24|0x0000000081800000, 0x0000000081900000, 0x0000000081900000|100%| O|  |TAMS 0x0000000081900000, 0x0000000081800000| Untracked 
|  25|0x0000000081900000, 0x0000000081a00000, 0x0000000081a00000|100%| O|  |TAMS 0x0000000081a00000, 0x0000000081900000| Untracked 
|  26|0x0000000081a00000, 0x0000000081b00000, 0x0000000081b00000|100%| O|  |TAMS 0x0000000081b00000, 0x0000000081a00000| Untracked 
|  27|0x0000000081b00000, 0x0000000081c00000, 0x0000000081c00000|100%| O|  |TAMS 0x0000000081c00000, 0x0000000081b00000| Untracked 
|  28|0x0000000081c00000, 0x0000000081d00000, 0x0000000081d00000|100%| O|  |TAMS 0x0000000081d00000, 0x0000000081c00000| Untracked 
|  29|0x0000000081d00000, 0x0000000081e00000, 0x0000000081e00000|100%| O|  |TAMS 0x0000000081e00000, 0x0000000081d00000| Untracked 
|  30|0x0000000081e00000, 0x0000000081f00000, 0x0000000081f00000|100%| O|  |TAMS 0x0000000081f00000, 0x0000000081e00000| Untracked 
|  31|0x0000000081f00000, 0x0000000082000000, 0x0000000082000000|100%| O|  |TAMS 0x0000000082000000, 0x0000000081f00000| Untracked 
|  32|0x0000000082000000, 0x0000000082100000, 0x0000000082100000|100%| O|  |TAMS 0x0000000082100000, 0x0000000082000000| Untracked 
|  33|0x0000000082100000, 0x0000000082200000, 0x0000000082200000|100%| O|  |TAMS 0x0000000082200000, 0x0000000082100000| Untracked 
|  34|0x0000000082200000, 0x0000000082300000, 0x0000000082300000|100%| O|  |TAMS 0x0000000082300000, 0x0000000082200000| Untracked 
|  35|0x0000000082300000, 0x0000000082400000, 0x0000000082400000|100%| O|  |TAMS 0x0000000082400000, 0x0000000082300000| Untracked 
|  36|0x0000000082400000, 0x0000000082500000, 0x0000000082500000|100%| O|  |TAMS 0x0000000082500000, 0x0000000082400000| Untracked 
|  37|0x0000000082500000, 0x0000000082600000, 0x0000000082600000|100%| O|  |TAMS 0x0000000082600000, 0x0000000082500000| Untracked 
|  38|0x0000000082600000, 0x0000000082700000, 0x0000000082700000|100%| O|  |TAMS 0x0000000082700000, 0x0000000082600000| Untracked 
|  39|0x0000000082700000, 0x0000000082800000, 0x0000000082800000|100%| O|  |TAMS 0x0000000082800000, 0x0000000082700000| Untracked 
|  40|0x0000000082800000, 0x0000000082900000, 0x0000000082900000|100%| O|  |TAMS 0x0000000082900000, 0x0000000082800000| Untracked 
|  41|0x0000000082900000, 0x0000000082a00000, 0x0000000082a00000|100%| O|  |TAMS 0x0000000082a00000, 0x0000000082900000| Untracked 
|  42|0x0000000082a00000, 0x0000000082b00000, 0x0000000082b00000|100%| O|  |TAMS 0x0000000082b00000, 0x0000000082a00000| Untracked 
|  43|0x0000000082b00000, 0x0000000082c00000, 0x0000000082c00000|100%| O|  |TAMS 0x0000000082c00000, 0x0000000082b00000| Untracked 
|  44|0x0000000082c00000, 0x0000000082d00000, 0x0000000082d00000|100%| O|  |TAMS 0x0000000082d00000, 0x0000000082c00000| Untracked 
|  45|0x0000000082d00000, 0x0000000082e00000, 0x0000000082e00000|100%| O|  |TAMS 0x0000000082e00000, 0x0000000082d00000| Untracked 
|  46|0x0000000082e00000, 0x0000000082f00000, 0x0000000082f00000|100%| O|  |TAMS 0x0000000082f00000, 0x0000000082e00000| Untracked 
|  47|0x0000000082f00000, 0x0000000083000000, 0x0000000083000000|100%| O|  |TAMS 0x0000000083000000, 0x0000000082f00000| Untracked 
|  48|0x0000000083000000, 0x0000000083100000, 0x0000000083100000|100%| O|  |TAMS 0x0000000083100000, 0x0000000083000000| Untracked 
|  49|0x0000000083100000, 0x0000000083200000, 0x0000000083200000|100%| O|  |TAMS 0x0000000083200000, 0x0000000083100000| Untracked 
|  50|0x0000000083200000, 0x0000000083300000, 0x0000000083300000|100%| O|  |TAMS 0x0000000083300000, 0x0000000083200000| Untracked 
|  51|0x0000000083300000, 0x0000000083400000, 0x0000000083400000|100%| O|  |TAMS 0x0000000083400000, 0x0000000083300000| Untracked 
|  52|0x0000000083400000, 0x0000000083500000, 0x0000000083500000|100%| O|  |TAMS 0x0000000083500000, 0x0000000083400000| Untracked 
|  53|0x0000000083500000, 0x0000000083600000, 0x0000000083600000|100%| O|  |TAMS 0x0000000083600000, 0x0000000083500000| Untracked 
|  54|0x0000000083600000, 0x0000000083700000, 0x0000000083700000|100%| O|  |TAMS 0x0000000083700000, 0x0000000083600000| Untracked 
|  55|0x0000000083700000, 0x0000000083800000, 0x0000000083800000|100%| O|  |TAMS 0x0000000083800000, 0x0000000083700000| Untracked 
|  56|0x0000000083800000, 0x0000000083900000, 0x0000000083900000|100%| O|  |TAMS 0x0000000083900000, 0x0000000083800000| Untracked 
|  57|0x0000000083900000, 0x0000000083a00000, 0x0000000083a00000|100%| O|  |TAMS 0x0000000083a00000, 0x0000000083900000| Untracked 
|  58|0x0000000083a00000, 0x0000000083b00000, 0x0000000083b00000|100%| O|  |TAMS 0x0000000083b00000, 0x0000000083a00000| Untracked 
|  59|0x0000000083b00000, 0x0000000083c00000, 0x0000000083c00000|100%| O|  |TAMS 0x0000000083c00000, 0x0000000083b00000| Untracked 
|  60|0x0000000083c00000, 0x0000000083d00000, 0x0000000083d00000|100%| O|  |TAMS 0x0000000083d00000, 0x0000000083c00000| Untracked 
|  61|0x0000000083d00000, 0x0000000083e00000, 0x0000000083e00000|100%| O|  |TAMS 0x0000000083e00000, 0x0000000083d00000| Untracked 
|  62|0x0000000083e00000, 0x0000000083f00000, 0x0000000083f00000|100%| O|  |TAMS 0x0000000083f00000, 0x0000000083e00000| Untracked 
|  63|0x0000000083f00000, 0x0000000084000000, 0x0000000084000000|100%| O|  |TAMS 0x0000000084000000, 0x0000000083f00000| Untracked 
|  64|0x0000000084000000, 0x0000000084100000, 0x0000000084100000|100%| O|  |TAMS 0x0000000084100000, 0x0000000084000000| Untracked 
|  65|0x0000000084100000, 0x0000000084200000, 0x0000000084200000|100%| O|  |TAMS 0x0000000084200000, 0x0000000084100000| Untracked 
|  66|0x0000000084200000, 0x0000000084300000, 0x0000000084300000|100%| O|  |TAMS 0x0000000084300000, 0x0000000084200000| Untracked 
|  67|0x0000000084300000, 0x0000000084400000, 0x0000000084400000|100%| O|  |TAMS 0x0000000084400000, 0x0000000084300000| Untracked 
|  68|0x0000000084400000, 0x0000000084500000, 0x0000000084500000|100%| O|  |TAMS 0x0000000084500000, 0x0000000084400000| Untracked 
|  69|0x0000000084500000, 0x0000000084600000, 0x0000000084600000|100%| O|  |TAMS 0x0000000084600000, 0x0000000084500000| Untracked 
|  70|0x0000000084600000, 0x0000000084700000, 0x0000000084700000|100%| O|  |TAMS 0x0000000084700000, 0x0000000084600000| Untracked 
|  71|0x0000000084700000, 0x0000000084800000, 0x0000000084800000|100%| O|  |TAMS 0x0000000084800000, 0x0000000084700000| Untracked 
|  72|0x0000000084800000, 0x0000000084900000, 0x0000000084900000|100%| O|  |TAMS 0x0000000084900000, 0x0000000084800000| Untracked 
|  73|0x0000000084900000, 0x0000000084a00000, 0x0000000084a00000|100%| O|  |TAMS 0x0000000084a00000, 0x0000000084900000| Untracked 
|  74|0x0000000084a00000, 0x0000000084b00000, 0x0000000084b00000|100%| O|  |TAMS 0x0000000084b00000, 0x0000000084a00000| Untracked 
|  75|0x0000000084b00000, 0x0000000084c00000, 0x0000000084c00000|100%| O|  |TAMS 0x0000000084c00000, 0x0000000084b00000| Untracked 
|  76|0x0000000084c00000, 0x0000000084d00000, 0x0000000084d00000|100%| O|  |TAMS 0x0000000084d00000, 0x0000000084c00000| Untracked 
|  77|0x0000000084d00000, 0x0000000084e00000, 0x0000000084e00000|100%| O|  |TAMS 0x0000000084e00000, 0x0000000084d00000| Untracked 
|  78|0x0000000084e00000, 0x0000000084f00000, 0x0000000084f00000|100%| O|  |TAMS 0x0000000084f00000, 0x0000000084e00000| Untracked 
|  79|0x0000000084f00000, 0x0000000085000000, 0x0000000085000000|100%| O|  |TAMS 0x0000000085000000, 0x0000000084f00000| Untracked 
|  80|0x0000000085000000, 0x0000000085100000, 0x0000000085100000|100%| O|  |TAMS 0x0000000085100000, 0x0000000085000000| Untracked 
|  81|0x0000000085100000, 0x0000000085200000, 0x0000000085200000|100%| O|  |TAMS 0x0000000085200000, 0x0000000085100000| Untracked 
|  82|0x0000000085200000, 0x0000000085300000, 0x0000000085300000|100%| O|  |TAMS 0x0000000085300000, 0x0000000085200000| Untracked 
|  83|0x0000000085300000, 0x0000000085400000, 0x0000000085400000|100%| O|  |TAMS 0x0000000085400000, 0x0000000085300000| Untracked 
|  84|0x0000000085400000, 0x0000000085500000, 0x0000000085500000|100%| O|  |TAMS 0x0000000085500000, 0x0000000085400000| Untracked 
|  85|0x0000000085500000, 0x0000000085600000, 0x0000000085600000|100%| O|  |TAMS 0x0000000085600000, 0x0000000085500000| Untracked 
|  86|0x0000000085600000, 0x0000000085700000, 0x0000000085700000|100%| O|  |TAMS 0x0000000085700000, 0x0000000085600000| Untracked 
|  87|0x0000000085700000, 0x0000000085800000, 0x0000000085800000|100%| O|  |TAMS 0x0000000085800000, 0x0000000085700000| Untracked 
|  88|0x0000000085800000, 0x0000000085900000, 0x0000000085900000|100%| O|  |TAMS 0x0000000085900000, 0x0000000085800000| Untracked 
|  89|0x0000000085900000, 0x0000000085a00000, 0x0000000085a00000|100%| O|  |TAMS 0x0000000085a00000, 0x0000000085900000| Untracked 
|  90|0x0000000085a00000, 0x0000000085b00000, 0x0000000085b00000|100%| O|  |TAMS 0x0000000085b00000, 0x0000000085a00000| Untracked 
|  91|0x0000000085b00000, 0x0000000085c00000, 0x0000000085c00000|100%| O|  |TAMS 0x0000000085c00000, 0x0000000085b00000| Untracked 
|  92|0x0000000085c00000, 0x0000000085d00000, 0x0000000085d00000|100%| O|  |TAMS 0x0000000085d00000, 0x0000000085c00000| Untracked 
|  93|0x0000000085d00000, 0x0000000085e00000, 0x0000000085e00000|100%| O|  |TAMS 0x0000000085e00000, 0x0000000085d00000| Untracked 
|  94|0x0000000085e00000, 0x0000000085f00000, 0x0000000085f00000|100%| O|  |TAMS 0x0000000085f00000, 0x0000000085e00000| Untracked 
|  95|0x0000000085f00000, 0x0000000086000000, 0x0000000086000000|100%| O|  |TAMS 0x0000000086000000, 0x0000000085f00000| Untracked 
|  96|0x0000000086000000, 0x0000000086100000, 0x0000000086100000|100%| O|  |TAMS 0x0000000086100000, 0x0000000086000000| Untracked 
|  97|0x0000000086100000, 0x0000000086200000, 0x0000000086200000|100%| O|  |TAMS 0x0000000086200000, 0x0000000086100000| Untracked 
|  98|0x0000000086200000, 0x0000000086300000, 0x0000000086300000|100%| O|  |TAMS 0x0000000086300000, 0x0000000086200000| Untracked 
|  99|0x0000000086300000, 0x0000000086400000, 0x0000000086400000|100%| O|  |TAMS 0x0000000086400000, 0x0000000086300000| Untracked 
| 100|0x0000000086400000, 0x0000000086500000, 0x0000000086500000|100%| O|  |TAMS 0x0000000086500000, 0x0000000086400000| Untracked 
| 101|0x0000000086500000, 0x0000000086600000, 0x0000000086600000|100%| O|  |TAMS 0x0000000086600000, 0x0000000086500000| Untracked 
| 102|0x0000000086600000, 0x0000000086700000, 0x0000000086700000|100%| O|  |TAMS 0x0000000086700000, 0x0000000086600000| Untracked 
| 103|0x0000000086700000, 0x0000000086800000, 0x0000000086800000|100%| O|  |TAMS 0x0000000086800000, 0x0000000086700000| Untracked 
| 104|0x0000000086800000, 0x0000000086900000, 0x0000000086900000|100%| O|  |TAMS 0x0000000086900000, 0x0000000086800000| Untracked 
| 105|0x0000000086900000, 0x0000000086a00000, 0x0000000086a00000|100%| O|  |TAMS 0x0000000086a00000, 0x0000000086900000| Untracked 
| 106|0x0000000086a00000, 0x0000000086b00000, 0x0000000086b00000|100%| O|  |TAMS 0x0000000086b00000, 0x0000000086a00000| Untracked 
| 107|0x0000000086b00000, 0x0000000086c00000, 0x0000000086c00000|100%| O|  |TAMS 0x0000000086c00000, 0x0000000086b00000| Untracked 
| 108|0x0000000086c00000, 0x0000000086d00000, 0x0000000086d00000|100%| O|  |TAMS 0x0000000086d00000, 0x0000000086c00000| Untracked 
| 109|0x0000000086d00000, 0x0000000086e00000, 0x0000000086e00000|100%| O|  |TAMS 0x0000000086e00000, 0x0000000086d00000| Untracked 
| 110|0x0000000086e00000, 0x0000000086f00000, 0x0000000086f00000|100%| O|  |TAMS 0x0000000086f00000, 0x0000000086e00000| Untracked 
| 111|0x0000000086f00000, 0x0000000087000000, 0x0000000087000000|100%| O|  |TAMS 0x0000000087000000, 0x0000000086f00000| Untracked 
| 112|0x0000000087000000, 0x0000000087100000, 0x0000000087100000|100%| O|  |TAMS 0x0000000087100000, 0x0000000087000000| Untracked 
| 113|0x0000000087100000, 0x0000000087200000, 0x0000000087200000|100%| O|  |TAMS 0x0000000087200000, 0x0000000087100000| Untracked 
| 114|0x0000000087200000, 0x000000008728d600, 0x0000000087300000| 55%| O|  |TAMS 0x000000008728d600, 0x0000000087200000| Untracked 
| 115|0x0000000087300000, 0x0000000087300000, 0x0000000087400000|  0%| F|  |TAMS 0x0000000087300000, 0x0000000087300000| Untracked 
| 116|0x0000000087400000, 0x0000000087400000, 0x0000000087500000|  0%| F|  |TAMS 0x0000000087400000, 0x0000000087400000| Untracked 
| 117|0x0000000087500000, 0x0000000087500000, 0x0000000087600000|  0%| F|  |TAMS 0x0000000087500000, 0x0000000087500000| Untracked 
| 118|0x0000000087600000, 0x0000000087600000, 0x0000000087700000|  0%| F|  |TAMS 0x0000000087600000, 0x0000000087600000| Untracked 
| 119|0x0000000087700000, 0x0000000087700000, 0x0000000087800000|  0%| F|  |TAMS 0x0000000087700000, 0x0000000087700000| Untracked 
| 120|0x0000000087800000, 0x0000000087800000, 0x0000000087900000|  0%| F|  |TAMS 0x0000000087800000, 0x0000000087800000| Untracked 
| 121|0x0000000087900000, 0x0000000087900000, 0x0000000087a00000|  0%| F|  |TAMS 0x0000000087900000, 0x0000000087900000| Untracked 
| 122|0x0000000087a00000, 0x0000000087a00000, 0x0000000087b00000|  0%| F|  |TAMS 0x0000000087a00000, 0x0000000087a00000| Untracked 
| 123|0x0000000087b00000, 0x0000000087b00000, 0x0000000087c00000|  0%| F|  |TAMS 0x0000000087b00000, 0x0000000087b00000| Untracked 
| 124|0x0000000087c00000, 0x0000000087c00000, 0x0000000087d00000|  0%| F|  |TAMS 0x0000000087c00000, 0x0000000087c00000| Untracked 
| 125|0x0000000087d00000, 0x0000000087d00000, 0x0000000087e00000|  0%| F|  |TAMS 0x0000000087d00000, 0x0000000087d00000| Untracked 
| 126|0x0000000087e00000, 0x0000000087e00000, 0x0000000087f00000|  0%| F|  |TAMS 0x0000000087e00000, 0x0000000087e00000| Untracked 
| 127|0x0000000087f00000, 0x0000000087f00000, 0x0000000088000000|  0%| F|  |TAMS 0x0000000087f00000, 0x0000000087f00000| Untracked 
| 128|0x0000000088000000, 0x0000000088000000, 0x0000000088100000|  0%| F|  |TAMS 0x0000000088000000, 0x0000000088000000| Untracked 
| 129|0x0000000088100000, 0x0000000088100000, 0x0000000088200000|  0%| F|  |TAMS 0x0000000088100000, 0x0000000088100000| Untracked 
| 130|0x0000000088200000, 0x0000000088200000, 0x0000000088300000|  0%| F|  |TAMS 0x0000000088200000, 0x0000000088200000| Untracked 
| 131|0x0000000088300000, 0x0000000088300000, 0x0000000088400000|  0%| F|  |TAMS 0x0000000088300000, 0x0000000088300000| Untracked 
| 132|0x0000000088400000, 0x0000000088400000, 0x0000000088500000|  0%| F|  |TAMS 0x0000000088400000, 0x0000000088400000| Untracked 
| 133|0x0000000088500000, 0x0000000088500000, 0x0000000088600000|  0%| F|  |TAMS 0x0000000088500000, 0x0000000088500000| Untracked 
| 134|0x0000000088600000, 0x0000000088600000, 0x0000000088700000|  0%| F|  |TAMS 0x0000000088600000, 0x0000000088600000| Untracked 
| 135|0x0000000088700000, 0x0000000088700000, 0x0000000088800000|  0%| F|  |TAMS 0x0000000088700000, 0x0000000088700000| Untracked 
| 136|0x0000000088800000, 0x0000000088800000, 0x0000000088900000|  0%| F|  |TAMS 0x0000000088800000, 0x0000000088800000| Untracked 
| 137|0x0000000088900000, 0x0000000088900000, 0x0000000088a00000|  0%| F|  |TAMS 0x0000000088900000, 0x0000000088900000| Untracked 
| 138|0x0000000088a00000, 0x0000000088a00000, 0x0000000088b00000|  0%| F|  |TAMS 0x0000000088a00000, 0x0000000088a00000| Untracked 
| 139|0x0000000088b00000, 0x0000000088b00000, 0x0000000088c00000|  0%| F|  |TAMS 0x0000000088b00000, 0x0000000088b00000| Untracked 
| 140|0x0000000088c00000, 0x0000000088c00000, 0x0000000088d00000|  0%| F|  |TAMS 0x0000000088c00000, 0x0000000088c00000| Untracked 
| 141|0x0000000088d00000, 0x0000000088d00000, 0x0000000088e00000|  0%| F|  |TAMS 0x0000000088d00000, 0x0000000088d00000| Untracked 
| 142|0x0000000088e00000, 0x0000000088e00000, 0x0000000088f00000|  0%| F|  |TAMS 0x0000000088e00000, 0x0000000088e00000| Untracked 
| 143|0x0000000088f00000, 0x0000000088f00000, 0x0000000089000000|  0%| F|  |TAMS 0x0000000088f00000, 0x0000000088f00000| Untracked 
| 144|0x0000000089000000, 0x0000000089000000, 0x0000000089100000|  0%| F|  |TAMS 0x0000000089000000, 0x0000000089000000| Untracked 
| 145|0x0000000089100000, 0x0000000089100000, 0x0000000089200000|  0%| F|  |TAMS 0x0000000089100000, 0x0000000089100000| Untracked 
| 146|0x0000000089200000, 0x0000000089200000, 0x0000000089300000|  0%| F|  |TAMS 0x0000000089200000, 0x0000000089200000| Untracked 
| 147|0x0000000089300000, 0x0000000089300000, 0x0000000089400000|  0%| F|  |TAMS 0x0000000089300000, 0x0000000089300000| Untracked 
| 148|0x0000000089400000, 0x0000000089400000, 0x0000000089500000|  0%| F|  |TAMS 0x0000000089400000, 0x0000000089400000| Untracked 
| 149|0x0000000089500000, 0x0000000089500000, 0x0000000089600000|  0%| F|  |TAMS 0x0000000089500000, 0x0000000089500000| Untracked 
| 150|0x0000000089600000, 0x0000000089600000, 0x0000000089700000|  0%| F|  |TAMS 0x0000000089600000, 0x0000000089600000| Untracked 
| 151|0x0000000089700000, 0x0000000089700000, 0x0000000089800000|  0%| F|  |TAMS 0x0000000089700000, 0x0000000089700000| Untracked 
| 152|0x0000000089800000, 0x0000000089800000, 0x0000000089900000|  0%| F|  |TAMS 0x0000000089800000, 0x0000000089800000| Untracked 
| 153|0x0000000089900000, 0x0000000089900000, 0x0000000089a00000|  0%| F|  |TAMS 0x0000000089900000, 0x0000000089900000| Untracked 
| 154|0x0000000089a00000, 0x0000000089a00000, 0x0000000089b00000|  0%| F|  |TAMS 0x0000000089a00000, 0x0000000089a00000| Untracked 
| 155|0x0000000089b00000, 0x0000000089b00000, 0x0000000089c00000|  0%| F|  |TAMS 0x0000000089b00000, 0x0000000089b00000| Untracked 
| 156|0x0000000089c00000, 0x0000000089c00000, 0x0000000089d00000|  0%| F|  |TAMS 0x0000000089c00000, 0x0000000089c00000| Untracked 
| 157|0x0000000089d00000, 0x0000000089d00000, 0x0000000089e00000|  0%| F|  |TAMS 0x0000000089d00000, 0x0000000089d00000| Untracked 
| 158|0x0000000089e00000, 0x0000000089e00000, 0x0000000089f00000|  0%| F|  |TAMS 0x0000000089e00000, 0x0000000089e00000| Untracked 
| 159|0x0000000089f00000, 0x0000000089f00000, 0x000000008a000000|  0%| F|  |TAMS 0x0000000089f00000, 0x0000000089f00000| Untracked 
| 160|0x000000008a000000, 0x000000008a000000, 0x000000008a100000|  0%| F|  |TAMS 0x000000008a000000, 0x000000008a000000| Untracked 
| 161|0x000000008a100000, 0x000000008a100000, 0x000000008a200000|  0%| F|  |TAMS 0x000000008a100000, 0x000000008a100000| Untracked 
| 162|0x000000008a200000, 0x000000008a200000, 0x000000008a300000|  0%| F|  |TAMS 0x000000008a200000, 0x000000008a200000| Untracked 
| 163|0x000000008a300000, 0x000000008a300000, 0x000000008a400000|  0%| F|  |TAMS 0x000000008a300000, 0x000000008a300000| Untracked 
| 164|0x000000008a400000, 0x000000008a400000, 0x000000008a500000|  0%| F|  |TAMS 0x000000008a400000, 0x000000008a400000| Untracked 
| 165|0x000000008a500000, 0x000000008a500000, 0x000000008a600000|  0%| F|  |TAMS 0x000000008a500000, 0x000000008a500000| Untracked 
| 166|0x000000008a600000, 0x000000008a600000, 0x000000008a700000|  0%| F|  |TAMS 0x000000008a600000, 0x000000008a600000| Untracked 
| 167|0x000000008a700000, 0x000000008a700000, 0x000000008a800000|  0%| F|  |TAMS 0x000000008a700000, 0x000000008a700000| Untracked 
| 168|0x000000008a800000, 0x000000008a800000, 0x000000008a900000|  0%| F|  |TAMS 0x000000008a800000, 0x000000008a800000| Untracked 
| 169|0x000000008a900000, 0x000000008a900000, 0x000000008aa00000|  0%| F|  |TAMS 0x000000008a900000, 0x000000008a900000| Untracked 
| 170|0x000000008aa00000, 0x000000008aa00000, 0x000000008ab00000|  0%| F|  |TAMS 0x000000008aa00000, 0x000000008aa00000| Untracked 
| 171|0x000000008ab00000, 0x000000008ab00000, 0x000000008ac00000|  0%| F|  |TAMS 0x000000008ab00000, 0x000000008ab00000| Untracked 
| 172|0x000000008ac00000, 0x000000008ac00000, 0x000000008ad00000|  0%| F|  |TAMS 0x000000008ac00000, 0x000000008ac00000| Untracked 
| 173|0x000000008ad00000, 0x000000008ad00000, 0x000000008ae00000|  0%| F|  |TAMS 0x000000008ad00000, 0x000000008ad00000| Untracked 
| 174|0x000000008ae00000, 0x000000008ae00000, 0x000000008af00000|  0%| F|  |TAMS 0x000000008ae00000, 0x000000008ae00000| Untracked 
| 175|0x000000008af00000, 0x000000008af00000, 0x000000008b000000|  0%| F|  |TAMS 0x000000008af00000, 0x000000008af00000| Untracked 
| 176|0x000000008b000000, 0x000000008b000000, 0x000000008b100000|  0%| F|  |TAMS 0x000000008b000000, 0x000000008b000000| Untracked 
| 177|0x000000008b100000, 0x000000008b100000, 0x000000008b200000|  0%| F|  |TAMS 0x000000008b100000, 0x000000008b100000| Untracked 
| 178|0x000000008b200000, 0x000000008b200000, 0x000000008b300000|  0%| F|  |TAMS 0x000000008b200000, 0x000000008b200000| Untracked 
| 179|0x000000008b300000, 0x000000008b300000, 0x000000008b400000|  0%| F|  |TAMS 0x000000008b300000, 0x000000008b300000| Untracked 
| 180|0x000000008b400000, 0x000000008b400000, 0x000000008b500000|  0%| F|  |TAMS 0x000000008b400000, 0x000000008b400000| Untracked 
| 181|0x000000008b500000, 0x000000008b500000, 0x000000008b600000|  0%| F|  |TAMS 0x000000008b500000, 0x000000008b500000| Untracked 
| 182|0x000000008b600000, 0x000000008b600000, 0x000000008b700000|  0%| F|  |TAMS 0x000000008b600000, 0x000000008b600000| Untracked 
| 183|0x000000008b700000, 0x000000008b700000, 0x000000008b800000|  0%| F|  |TAMS 0x000000008b700000, 0x000000008b700000| Untracked 
| 184|0x000000008b800000, 0x000000008b800000, 0x000000008b900000|  0%| F|  |TAMS 0x000000008b800000, 0x000000008b800000| Untracked 
| 185|0x000000008b900000, 0x000000008b900000, 0x000000008ba00000|  0%| F|  |TAMS 0x000000008b900000, 0x000000008b900000| Untracked 
| 186|0x000000008ba00000, 0x000000008ba00000, 0x000000008bb00000|  0%| F|  |TAMS 0x000000008ba00000, 0x000000008ba00000| Untracked 
| 187|0x000000008bb00000, 0x000000008bb00000, 0x000000008bc00000|  0%| F|  |TAMS 0x000000008bb00000, 0x000000008bb00000| Untracked 
| 188|0x000000008bc00000, 0x000000008bc00000, 0x000000008bd00000|  0%| F|  |TAMS 0x000000008bc00000, 0x000000008bc00000| Untracked 
| 189|0x000000008bd00000, 0x000000008bd00000, 0x000000008be00000|  0%| F|  |TAMS 0x000000008bd00000, 0x000000008bd00000| Untracked 
| 190|0x000000008be00000, 0x000000008be00000, 0x000000008bf00000|  0%| F|  |TAMS 0x000000008be00000, 0x000000008be00000| Untracked 
| 191|0x000000008bf00000, 0x000000008bf00000, 0x000000008c000000|  0%| F|  |TAMS 0x000000008bf00000, 0x000000008bf00000| Untracked 
| 192|0x000000008c000000, 0x000000008c000000, 0x000000008c100000|  0%| F|  |TAMS 0x000000008c000000, 0x000000008c000000| Untracked 
| 193|0x000000008c100000, 0x000000008c100000, 0x000000008c200000|  0%| F|  |TAMS 0x000000008c100000, 0x000000008c100000| Untracked 
| 194|0x000000008c200000, 0x000000008c200000, 0x000000008c300000|  0%| F|  |TAMS 0x000000008c200000, 0x000000008c200000| Untracked 
| 195|0x000000008c300000, 0x000000008c300000, 0x000000008c400000|  0%| F|  |TAMS 0x000000008c300000, 0x000000008c300000| Untracked 
| 196|0x000000008c400000, 0x000000008c400000, 0x000000008c500000|  0%| F|  |TAMS 0x000000008c400000, 0x000000008c400000| Untracked 
| 197|0x000000008c500000, 0x000000008c500000, 0x000000008c600000|  0%| F|  |TAMS 0x000000008c500000, 0x000000008c500000| Untracked 
| 198|0x000000008c600000, 0x000000008c600000, 0x000000008c700000|  0%| F|  |TAMS 0x000000008c600000, 0x000000008c600000| Untracked 
| 199|0x000000008c700000, 0x000000008c700000, 0x000000008c800000|  0%| F|  |TAMS 0x000000008c700000, 0x000000008c700000| Untracked 
| 200|0x000000008c800000, 0x000000008c800000, 0x000000008c900000|  0%| F|  |TAMS 0x000000008c800000, 0x000000008c800000| Untracked 
| 201|0x000000008c900000, 0x000000008c900000, 0x000000008ca00000|  0%| F|  |TAMS 0x000000008c900000, 0x000000008c900000| Untracked 
| 202|0x000000008ca00000, 0x000000008ca00000, 0x000000008cb00000|  0%| F|  |TAMS 0x000000008ca00000, 0x000000008ca00000| Untracked 
| 203|0x000000008cb00000, 0x000000008cb00000, 0x000000008cc00000|  0%| F|  |TAMS 0x000000008cb00000, 0x000000008cb00000| Untracked 
| 204|0x000000008cc00000, 0x000000008cc00000, 0x000000008cd00000|  0%| F|  |TAMS 0x000000008cc00000, 0x000000008cc00000| Untracked 
| 205|0x000000008cd00000, 0x000000008cd00000, 0x000000008ce00000|  0%| F|  |TAMS 0x000000008cd00000, 0x000000008cd00000| Untracked 
| 206|0x000000008ce00000, 0x000000008ce00000, 0x000000008cf00000|  0%| F|  |TAMS 0x000000008ce00000, 0x000000008ce00000| Untracked 
| 207|0x000000008cf00000, 0x000000008cf00000, 0x000000008d000000|  0%| F|  |TAMS 0x000000008cf00000, 0x000000008cf00000| Untracked 
| 208|0x000000008d000000, 0x000000008d000000, 0x000000008d100000|  0%| F|  |TAMS 0x000000008d000000, 0x000000008d000000| Untracked 
| 209|0x000000008d100000, 0x000000008d1a6b18, 0x000000008d200000| 65%| S|CS|TAMS 0x000000008d100000, 0x000000008d100000| Complete 
| 210|0x000000008d200000, 0x000000008d300000, 0x000000008d300000|100%| S|CS|TAMS 0x000000008d200000, 0x000000008d200000| Complete 
| 211|0x000000008d300000, 0x000000008d400000, 0x000000008d400000|100%| S|CS|TAMS 0x000000008d300000, 0x000000008d300000| Complete 
| 212|0x000000008d400000, 0x000000008d500000, 0x000000008d500000|100%| S|CS|TAMS 0x000000008d400000, 0x000000008d400000| Complete 
| 213|0x000000008d500000, 0x000000008d600000, 0x000000008d600000|100%| S|CS|TAMS 0x000000008d500000, 0x000000008d500000| Complete 
| 214|0x000000008d600000, 0x000000008d700000, 0x000000008d700000|100%| S|CS|TAMS 0x000000008d600000, 0x000000008d600000| Complete 
| 215|0x000000008d700000, 0x000000008d800000, 0x000000008d800000|100%| S|CS|TAMS 0x000000008d700000, 0x000000008d700000| Complete 
| 216|0x000000008d800000, 0x000000008d800000, 0x000000008d900000|  0%| F|  |TAMS 0x000000008d800000, 0x000000008d800000| Untracked 
| 217|0x000000008d900000, 0x000000008d900000, 0x000000008da00000|  0%| F|  |TAMS 0x000000008d900000, 0x000000008d900000| Untracked 
| 218|0x000000008da00000, 0x000000008da00000, 0x000000008db00000|  0%| F|  |TAMS 0x000000008da00000, 0x000000008da00000| Untracked 
| 219|0x000000008db00000, 0x000000008db00000, 0x000000008dc00000|  0%| F|  |TAMS 0x000000008db00000, 0x000000008db00000| Untracked 
| 220|0x000000008dc00000, 0x000000008dc00000, 0x000000008dd00000|  0%| F|  |TAMS 0x000000008dc00000, 0x000000008dc00000| Untracked 
| 221|0x000000008dd00000, 0x000000008dd00000, 0x000000008de00000|  0%| F|  |TAMS 0x000000008dd00000, 0x000000008dd00000| Untracked 
| 222|0x000000008de00000, 0x000000008de00000, 0x000000008df00000|  0%| F|  |TAMS 0x000000008de00000, 0x000000008de00000| Untracked 
| 223|0x000000008df00000, 0x000000008df00000, 0x000000008e000000|  0%| F|  |TAMS 0x000000008df00000, 0x000000008df00000| Untracked 
| 224|0x000000008e000000, 0x000000008e000000, 0x000000008e100000|  0%| F|  |TAMS 0x000000008e000000, 0x000000008e000000| Untracked 
| 225|0x000000008e100000, 0x000000008e100000, 0x000000008e200000|  0%| F|  |TAMS 0x000000008e100000, 0x000000008e100000| Untracked 
| 226|0x000000008e200000, 0x000000008e200000, 0x000000008e300000|  0%| F|  |TAMS 0x000000008e200000, 0x000000008e200000| Untracked 
| 227|0x000000008e300000, 0x000000008e300000, 0x000000008e400000|  0%| F|  |TAMS 0x000000008e300000, 0x000000008e300000| Untracked 
| 228|0x000000008e400000, 0x000000008e400000, 0x000000008e500000|  0%| F|  |TAMS 0x000000008e400000, 0x000000008e400000| Untracked 
| 229|0x000000008e500000, 0x000000008e500000, 0x000000008e600000|  0%| F|  |TAMS 0x000000008e500000, 0x000000008e500000| Untracked 
| 230|0x000000008e600000, 0x000000008e600000, 0x000000008e700000|  0%| F|  |TAMS 0x000000008e600000, 0x000000008e600000| Untracked 
| 231|0x000000008e700000, 0x000000008e700000, 0x000000008e800000|  0%| F|  |TAMS 0x000000008e700000, 0x000000008e700000| Untracked 
| 232|0x000000008e800000, 0x000000008e800000, 0x000000008e900000|  0%| F|  |TAMS 0x000000008e800000, 0x000000008e800000| Untracked 
| 233|0x000000008e900000, 0x000000008e900000, 0x000000008ea00000|  0%| F|  |TAMS 0x000000008e900000, 0x000000008e900000| Untracked 
| 234|0x000000008ea00000, 0x000000008ea00000, 0x000000008eb00000|  0%| F|  |TAMS 0x000000008ea00000, 0x000000008ea00000| Untracked 
| 235|0x000000008eb00000, 0x000000008eb00000, 0x000000008ec00000|  0%| F|  |TAMS 0x000000008eb00000, 0x000000008eb00000| Untracked 
| 236|0x000000008ec00000, 0x000000008ed00000, 0x000000008ed00000|100%| E|  |TAMS 0x000000008ec00000, 0x000000008ec00000| Complete 
| 237|0x000000008ed00000, 0x000000008ee00000, 0x000000008ee00000|100%| E|CS|TAMS 0x000000008ed00000, 0x000000008ed00000| Complete 
| 238|0x000000008ee00000, 0x000000008ef00000, 0x000000008ef00000|100%| E|CS|TAMS 0x000000008ee00000, 0x000000008ee00000| Complete 
| 239|0x000000008ef00000, 0x000000008f000000, 0x000000008f000000|100%| E|CS|TAMS 0x000000008ef00000, 0x000000008ef00000| Complete 
| 240|0x000000008f000000, 0x000000008f100000, 0x000000008f100000|100%| E|CS|TAMS 0x000000008f000000, 0x000000008f000000| Complete 
| 241|0x000000008f100000, 0x000000008f200000, 0x000000008f200000|100%| E|CS|TAMS 0x000000008f100000, 0x000000008f100000| Complete 
| 242|0x000000008f200000, 0x000000008f300000, 0x000000008f300000|100%| E|CS|TAMS 0x000000008f200000, 0x000000008f200000| Complete 
| 243|0x000000008f300000, 0x000000008f400000, 0x000000008f400000|100%| E|  |TAMS 0x000000008f300000, 0x000000008f300000| Complete 
| 244|0x000000008f400000, 0x000000008f500000, 0x000000008f500000|100%| E|CS|TAMS 0x000000008f400000, 0x000000008f400000| Complete 
| 245|0x000000008f500000, 0x000000008f600000, 0x000000008f600000|100%| E|CS|TAMS 0x000000008f500000, 0x000000008f500000| Complete 
| 246|0x000000008f600000, 0x000000008f700000, 0x000000008f700000|100%| E|CS|TAMS 0x000000008f600000, 0x000000008f600000| Complete 
| 247|0x000000008f700000, 0x000000008f800000, 0x000000008f800000|100%| E|CS|TAMS 0x000000008f700000, 0x000000008f700000| Complete 
| 248|0x000000008f800000, 0x000000008f900000, 0x000000008f900000|100%| E|CS|TAMS 0x000000008f800000, 0x000000008f800000| Complete 
| 249|0x000000008f900000, 0x000000008fa00000, 0x000000008fa00000|100%| E|CS|TAMS 0x000000008f900000, 0x000000008f900000| Complete 
| 250|0x000000008fa00000, 0x000000008fb00000, 0x000000008fb00000|100%| E|CS|TAMS 0x000000008fa00000, 0x000000008fa00000| Complete 
| 251|0x000000008fb00000, 0x000000008fc00000, 0x000000008fc00000|100%| E|CS|TAMS 0x000000008fb00000, 0x000000008fb00000| Complete 
| 252|0x000000008fc00000, 0x000000008fd00000, 0x000000008fd00000|100%| E|CS|TAMS 0x000000008fc00000, 0x000000008fc00000| Complete 
| 253|0x000000008fd00000, 0x000000008fe00000, 0x000000008fe00000|100%| E|CS|TAMS 0x000000008fd00000, 0x000000008fd00000| Complete 

Card table byte_map: [0x00000231be320000,0x00000231be720000] _byte_map_base: 0x00000231bdf20000

Marking Bits (Prev, Next): (CMBitMap*) 0x00000231ab113058, (CMBitMap*) 0x00000231ab113090
 Prev Bits: [0x00000231beb20000, 0x00000231c0b20000)
 Next Bits: [0x00000231c0b20000, 0x00000231c2b20000)

Polling page: 0x00000231aa8a0000

Metaspace:

Usage:
  Non-class:     88.09 MB capacity,    86.42 MB ( 98%) used,     1.36 MB (  2%) free+waste,   322.00 KB ( <1%) overhead. 
      Class:     13.69 MB capacity,    12.66 MB ( 92%) used,   915.70 KB (  7%) free+waste,   144.69 KB (  1%) overhead. 
       Both:    101.78 MB capacity,    99.07 MB ( 97%) used,     2.25 MB (  2%) free+waste,   466.69 KB ( <1%) overhead. 

Virtual space:
  Non-class space:       90.00 MB reserved,      88.21 MB ( 98%) committed 
      Class space:        1.00 GB reserved,      13.82 MB (  1%) committed 
             Both:        1.09 GB reserved,     102.04 MB (  9%) committed 

Chunk freelists:
   Non-Class:  62.00 KB
       Class:  27.00 KB
        Both:  89.00 KB

MaxMetaspaceSize: 17179869184.00 GB
CompressedClassSpaceSize: 1.00 GB
Initial GC threshold: 20.80 MB
Current GC threshold: 167.14 MB
CDS: off

CodeHeap 'non-profiled nmethods': size=120000Kb used=8876Kb max_used=8876Kb free=111123Kb
 bounds [0x00000231b66c0000, 0x00000231b6f70000, 0x00000231bdbf0000]
CodeHeap 'profiled nmethods': size=120000Kb used=28553Kb max_used=28553Kb free=91446Kb
 bounds [0x00000231af190000, 0x00000231b0d80000, 0x00000231b66c0000]
CodeHeap 'non-nmethods': size=5760Kb used=2411Kb max_used=2475Kb free=3348Kb
 bounds [0x00000231aebf0000, 0x00000231aee60000, 0x00000231af190000]
 total_blobs=14089 nmethods=13147 adapters=854
 compilation: enabled
              stopped_count=0, restarted_count=0
 full_count=0

Compilation events (20 events):
Event: 33.949 Thread 0x00000231c5e4c000 nmethod 13313 0x00000231b0d3a110 code [0x00000231b0d3a300, 0x00000231b0d3a6d8]
Event: 33.949 Thread 0x00000231c5e4c000 13314       3       com.sun.tools.javac.tree.TreeMaker$$Lambda$1259/0x0000000100bd2840::get$Lambda (9 bytes)
Event: 33.949 Thread 0x00000231c5e4c000 nmethod 13314 0x00000231b0d3a890 code [0x00000231b0d3aa60, 0x00000231b0d3acb8]
Event: 33.949 Thread 0x00000231c5e4c000 13315       3       com.sun.tools.javac.tree.TreeMaker$$Lambda$1259/0x0000000100bd2840::<init> (10 bytes)
Event: 33.949 Thread 0x00000231c5e4c000 nmethod 13315 0x00000231b0d3ad90 code [0x00000231b0d3af40, 0x00000231b0d3b0f8]
Event: 33.949 Thread 0x00000231c5e4c000 13311       3       com.sun.tools.javac.tree.TreeInfo::innermostType (102 bytes)
Event: 33.950 Thread 0x00000231c5e4c000 nmethod 13311 0x00000231b0d3b190 code [0x00000231b0d3b3a0, 0x00000231b0d3bb08]
Event: 33.950 Thread 0x00000231c5e4c000 13316       3       com.sun.tools.javac.parser.Tokens$Token::comment (27 bytes)
Event: 33.950 Thread 0x00000231c5e4c000 nmethod 13316 0x00000231b0d3bd90 code [0x00000231b0d3bf80, 0x00000231b0d3c2f8]
Event: 33.950 Thread 0x00000231c5e4c000 13318       3       com.sun.tools.javac.parser.JavacParser::argumentsOpt (40 bytes)
Event: 33.951 Thread 0x00000231c5e4c000 nmethod 13318 0x00000231b0d3c410 code [0x00000231b0d3c5e0, 0x00000231b0d3c7e8]
Event: 33.951 Thread 0x00000231c5e4c000 13317       3       com.sun.tools.javac.parser.JavacParser$SimpleEndPosTable::to (17 bytes)
Event: 33.951 Thread 0x00000231c5e4c000 nmethod 13317 0x00000231b0d3c910 code [0x00000231b0d3cb00, 0x00000231b0d3ce88]
Event: 33.952 Thread 0x00000231cb60a000 nmethod 13300 0x00000231b6f65710 code [0x00000231b6f658a0, 0x00000231b6f65b18]
Event: 33.952 Thread 0x00000231cb60a000 13309       4       com.sun.tools.javac.util.UnsharedNameTable::fromUtf (232 bytes)
Event: 33.952 Thread 0x00000231c5e4c000 13319       3       com.sun.tools.javac.parser.JavacParser::variableDeclaratorsRest (86 bytes)
Event: 33.953 Thread 0x00000231c5e4c000 nmethod 13319 0x00000231b0d3d090 code [0x00000231b0d3d320, 0x00000231b0d3dd38]
Event: 33.955 Thread 0x00000231c5e4c000 13320       3       com.sun.tools.javac.parser.JavacParser::classOrInterfaceBodyDeclaration (691 bytes)
Event: 33.962 Thread 0x00000231cb607800 nmethod 13295% 0x00000231b6f65c10 code [0x00000231b6f65e40, 0x00000231b6f66f18]
Event: 33.962 Thread 0x00000231cb607800 13296       4       com.sun.tools.javac.util.UnsharedNameTable::fromChars (28 bytes)

GC Heap History (20 events):
Event: 10.729 GC heap before
{Heap before GC invocations=8 (full 0):
 garbage-first heap   total 260096K, used 51137K [0x0000000080000000, 0x0000000100000000)
  region size 1024K, 28 young (28672K), 19 survivors (19456K)
 Metaspace       used 58520K, capacity 60087K, committed 60208K, reserved 1101824K
  class space    used 7388K, capacity 7988K, committed 8064K, reserved 1048576K
}
Event: 10.766 GC heap after
{Heap after GC invocations=9 (full 0):
 garbage-first heap   total 260096K, used 44876K [0x0000000080000000, 0x0000000100000000)
  region size 1024K, 2 young (2048K), 2 survivors (2048K)
 Metaspace       used 58520K, capacity 60087K, committed 60208K, reserved 1101824K
  class space    used 7388K, capacity 7988K, committed 8064K, reserved 1048576K
}
Event: 15.288 GC heap before
{Heap before GC invocations=10 (full 0):
 garbage-first heap   total 260096K, used 189260K [0x0000000080000000, 0x0000000100000000)
  region size 1024K, 135 young (138240K), 2 survivors (2048K)
 Metaspace       used 66447K, capacity 68205K, committed 68528K, reserved 1107968K
  class space    used 8404K, capacity 9110K, committed 9216K, reserved 1048576K
}
Event: 15.324 GC heap after
{Heap after GC invocations=11 (full 0):
 garbage-first heap   total 260096K, used 54464K [0x0000000080000000, 0x0000000100000000)
  region size 1024K, 12 young (12288K), 12 survivors (12288K)
 Metaspace       used 66447K, capacity 68205K, committed 68528K, reserved 1107968K
  class space    used 8404K, capacity 9110K, committed 9216K, reserved 1048576K
}
Event: 19.329 GC heap before
{Heap before GC invocations=11 (full 0):
 garbage-first heap   total 260096K, used 187584K [0x0000000080000000, 0x0000000100000000)
  region size 1024K, 142 young (145408K), 12 survivors (12288K)
 Metaspace       used 76648K, capacity 78586K, committed 78768K, reserved 1118208K
  class space    used 9993K, capacity 10730K, committed 10752K, reserved 1048576K
}
Event: 19.347 GC heap after
{Heap after GC invocations=12 (full 0):
 garbage-first heap   total 260096K, used 63378K [0x0000000080000000, 0x0000000100000000)
  region size 1024K, 9 young (9216K), 9 survivors (9216K)
 Metaspace       used 76648K, capacity 78586K, committed 78768K, reserved 1118208K
  class space    used 9993K, capacity 10730K, committed 10752K, reserved 1048576K
}
Event: 21.017 GC heap before
{Heap before GC invocations=12 (full 0):
 garbage-first heap   total 260096K, used 193426K [0x0000000080000000, 0x0000000100000000)
  region size 1024K, 137 young (140288K), 9 survivors (9216K)
 Metaspace       used 83898K, capacity 86047K, committed 86320K, reserved 1124352K
  class space    used 10828K, capacity 11610K, committed 11648K, reserved 1048576K
}
Event: 21.039 GC heap after
{Heap after GC invocations=13 (full 0):
 garbage-first heap   total 260096K, used 78268K [0x0000000080000000, 0x0000000100000000)
  region size 1024K, 18 young (18432K), 18 survivors (18432K)
 Metaspace       used 83898K, capacity 86047K, committed 86320K, reserved 1124352K
  class space    used 10828K, capacity 11610K, committed 11648K, reserved 1048576K
}
Event: 23.077 GC heap before
{Heap before GC invocations=13 (full 0):
 garbage-first heap   total 260096K, used 195004K [0x0000000080000000, 0x0000000100000000)
  region size 1024K, 133 young (136192K), 18 survivors (18432K)
 Metaspace       used 87258K, capacity 89693K, committed 90032K, reserved 1126400K
  class space    used 11273K, capacity 12175K, committed 12288K, reserved 1048576K
}
Event: 23.107 GC heap after
{Heap after GC invocations=14 (full 0):
 garbage-first heap   total 260096K, used 88677K [0x0000000080000000, 0x0000000100000000)
  region size 1024K, 10 young (10240K), 10 survivors (10240K)
 Metaspace       used 87258K, capacity 89693K, committed 90032K, reserved 1126400K
  class space    used 11273K, capacity 12175K, committed 12288K, reserved 1048576K
}
Event: 24.248 GC heap before
{Heap before GC invocations=14 (full 0):
 garbage-first heap   total 260096K, used 200293K [0x0000000080000000, 0x0000000100000000)
  region size 1024K, 120 young (122880K), 10 survivors (10240K)
 Metaspace       used 88215K, capacity 90782K, committed 90928K, reserved 1128448K
  class space    used 11376K, capacity 12333K, committed 12416K, reserved 1048576K
}
Event: 24.270 GC heap after
{Heap after GC invocations=15 (full 0):
 garbage-first heap   total 260096K, used 96491K [0x0000000080000000, 0x0000000100000000)
  region size 1024K, 8 young (8192K), 8 survivors (8192K)
 Metaspace       used 88215K, capacity 90782K, committed 90928K, reserved 1128448K
  class space    used 11376K, capacity 12333K, committed 12416K, reserved 1048576K
}
Event: 25.132 GC heap before
{Heap before GC invocations=15 (full 0):
 garbage-first heap   total 260096K, used 204011K [0x0000000080000000, 0x0000000100000000)
  region size 1024K, 114 young (116736K), 8 survivors (8192K)
 Metaspace       used 90564K, capacity 93175K, committed 93232K, reserved 1130496K
  class space    used 11699K, capacity 12664K, committed 12672K, reserved 1048576K
}
Event: 25.150 GC heap after
{Heap after GC invocations=16 (full 0):
 garbage-first heap   total 260096K, used 101093K [0x0000000080000000, 0x0000000100000000)
  region size 1024K, 12 young (12288K), 12 survivors (12288K)
 Metaspace       used 90564K, capacity 93175K, committed 93232K, reserved 1130496K
  class space    used 11699K, capacity 12664K, committed 12672K, reserved 1048576K
}
Event: 30.344 GC heap before
{Heap before GC invocations=16 (full 0):
 garbage-first heap   total 260096K, used 208613K [0x0000000080000000, 0x0000000100000000)
  region size 1024K, 118 young (120832K), 12 survivors (12288K)
 Metaspace       used 93765K, capacity 96415K, committed 96560K, reserved 1132544K
  class space    used 12057K, capacity 13063K, committed 13184K, reserved 1048576K
}
Event: 30.367 GC heap after
{Heap after GC invocations=17 (full 0):
 garbage-first heap   total 260096K, used 111356K [0x0000000080000000, 0x0000000100000000)
  region size 1024K, 15 young (15360K), 15 survivors (15360K)
 Metaspace       used 93765K, capacity 96415K, committed 96560K, reserved 1132544K
  class space    used 12057K, capacity 13063K, committed 13184K, reserved 1048576K
}
Event: 31.593 GC heap before
{Heap before GC invocations=17 (full 0):
 garbage-first heap   total 260096K, used 207612K [0x0000000080000000, 0x0000000100000000)
  region size 1024K, 110 young (112640K), 15 survivors (15360K)
 Metaspace       used 95102K, capacity 97809K, committed 97968K, reserved 1134592K
  class space    used 12201K, capacity 13206K, committed 13312K, reserved 1048576K
}
Event: 31.624 GC heap after
{Heap after GC invocations=18 (full 0):
 garbage-first heap   total 260096K, used 117904K [0x0000000080000000, 0x0000000100000000)
  region size 1024K, 8 young (8192K), 8 survivors (8192K)
 Metaspace       used 95102K, capacity 97809K, committed 97968K, reserved 1134592K
  class space    used 12201K, capacity 13206K, committed 13312K, reserved 1048576K
}
Event: 33.150 GC heap before
{Heap before GC invocations=18 (full 0):
 garbage-first heap   total 260096K, used 154768K [0x0000000080000000, 0x0000000100000000)
  region size 1024K, 46 young (47104K), 8 survivors (8192K)
 Metaspace       used 97898K, capacity 100572K, committed 100656K, reserved 1136640K
  class space    used 12576K, capacity 13633K, committed 13696K, reserved 1048576K
}
Event: 33.208 GC heap after
{Heap after GC invocations=19 (full 0):
 garbage-first heap   total 260096K, used 124112K [0x0000000080000000, 0x0000000100000000)
  region size 1024K, 7 young (7168K), 7 survivors (7168K)
 Metaspace       used 97898K, capacity 100572K, committed 100656K, reserved 1136640K
  class space    used 12576K, capacity 13633K, committed 13696K, reserved 1048576K
}

Deoptimization events (20 events):
Event: 33.755 Thread 0x00000231c843e000 Uncommon trap: trap_request=0xffffff4d fr.pc=0x00000231b68054e8 relative=0x0000000000000648
Event: 33.755 Thread 0x00000231c843e000 Uncommon trap: reason=unstable_if action=reinterpret pc=0x00000231b68054e8 method=sun.nio.cs.UTF_8$Decoder.decodeArrayLoop(Ljava/nio/ByteBuffer;Ljava/nio/CharBuffer;)Ljava/nio/charset/CoderResult; @ 84 c2
Event: 33.755 Thread 0x00000231c843e000 DEOPT PACKING pc=0x00000231b68054e8 sp=0x000000b61c0f9890
Event: 33.755 Thread 0x00000231c843e000 DEOPT UNPACKING pc=0x00000231aec3a1af sp=0x000000b61c0f9820 mode 2
Event: 33.790 Thread 0x00000231c843e000 Uncommon trap: trap_request=0xffffff4d fr.pc=0x00000231b6f5c284 relative=0x0000000000000244
Event: 33.790 Thread 0x00000231c843e000 Uncommon trap: reason=unstable_if action=reinterpret pc=0x00000231b6f5c284 method=com.sun.tools.javac.parser.UnicodeReader.scanChar()V @ 37 c2
Event: 33.790 Thread 0x00000231c843e000 DEOPT PACKING pc=0x00000231b6f5c284 sp=0x000000b61c0f7ef0
Event: 33.790 Thread 0x00000231c843e000 DEOPT UNPACKING pc=0x00000231aec3a1af sp=0x000000b61c0f7e40 mode 2
Event: 33.792 Thread 0x00000231c843e000 Uncommon trap: trap_request=0xffffff4d fr.pc=0x00000231b6f5bd4c relative=0x00000000000000ac
Event: 33.792 Thread 0x00000231c843e000 Uncommon trap: reason=unstable_if action=reinterpret pc=0x00000231b6f5bd4c method=com.sun.tools.javac.parser.UnicodeReader.scanChar()V @ 37 c2
Event: 33.792 Thread 0x00000231c843e000 DEOPT PACKING pc=0x00000231b6f5bd4c sp=0x000000b61c0f7e90
Event: 33.792 Thread 0x00000231c843e000 DEOPT UNPACKING pc=0x00000231aec3a1af sp=0x000000b61c0f7e38 mode 2
Event: 33.814 Thread 0x00000231c843e000 Uncommon trap: trap_request=0xffffff4d fr.pc=0x00000231b6f5ecbc relative=0x000000000000021c
Event: 33.814 Thread 0x00000231c843e000 Uncommon trap: reason=unstable_if action=reinterpret pc=0x00000231b6f5ecbc method=com.sun.tools.javac.util.Name$Table.equals([BI[BII)Z @ 22 c2
Event: 33.814 Thread 0x00000231c843e000 DEOPT PACKING pc=0x00000231b6f5ecbc sp=0x000000b61c0f79a0
Event: 33.814 Thread 0x00000231c843e000 DEOPT UNPACKING pc=0x00000231aec3a1af sp=0x000000b61c0f7918 mode 2
Event: 33.945 Thread 0x00000231c843e000 Uncommon trap: trap_request=0xffffff4d fr.pc=0x00000231b6f63438 relative=0x0000000000000258
Event: 33.945 Thread 0x00000231c843e000 Uncommon trap: reason=unstable_if action=reinterpret pc=0x00000231b6f63438 method=com.sun.tools.javac.parser.JavaTokenizer.scanIdent()V @ 15 c2
Event: 33.945 Thread 0x00000231c843e000 DEOPT PACKING pc=0x00000231b6f63438 sp=0x000000b61c0f56f0
Event: 33.945 Thread 0x00000231c843e000 DEOPT UNPACKING pc=0x00000231aec3a1af sp=0x000000b61c0f56e0 mode 2

Classes redefined (0 events):
No events

Internal exceptions (20 events):
Event: 24.230 Thread 0x00000231c843c800 Exception <a 'sun/nio/fs/WindowsException'{0x00000000891d6ca0}> (0x00000000891d6ca0) thrown at [src/hotspot/share/prims/jni.cpp, line 617]
Event: 24.286 Thread 0x00000231c843c800 Exception <a 'java/lang/NoSuchMethodError'{0x000000008fdc23e8}: <clinit>> (0x000000008fdc23e8) thrown at [src/hotspot/share/prims/jni.cpp, line 1367]
Event: 24.293 Thread 0x00000231c843c800 Exception <a 'java/lang/NoSuchMethodError'{0x000000008fdf56a0}: <clinit>> (0x000000008fdf56a0) thrown at [src/hotspot/share/prims/jni.cpp, line 1367]
Event: 24.298 Thread 0x00000231c843c800 Exception <a 'java/lang/NoSuchMethodError'{0x000000008fc31ca8}: <clinit>> (0x000000008fc31ca8) thrown at [src/hotspot/share/prims/jni.cpp, line 1367]
Event: 24.300 Thread 0x00000231c843c800 Exception <a 'java/lang/NoSuchMethodError'{0x000000008fc44430}: <clinit>> (0x000000008fc44430) thrown at [src/hotspot/share/prims/jni.cpp, line 1367]
Event: 25.763 Thread 0x00000231c8440800 Exception <a 'java/lang/NoSuchMethodError'{0x000000008b9a6b20}: 'void java.lang.invoke.DirectMethodHandle$Holder.invokeStatic(java.lang.Object, long)'> (0x000000008b9a6b20) thrown at [src/hotspot/share/interpreter/linkResolver.cpp, line 773]
Event: 25.763 Thread 0x00000231c8440800 Exception <a 'java/lang/NoSuchMethodError'{0x000000008b9abfe0}: 'java.lang.Object java.lang.invoke.DirectMethodHandle$Holder.invokeStatic(java.lang.Object, long)'> (0x000000008b9abfe0) thrown at [src/hotspot/share/interpreter/linkResolver.cpp, line 773]
Event: 25.763 Thread 0x00000231c8440800 Exception <a 'java/lang/NoSuchMethodError'{0x000000008b9af5b0}: 'java.lang.Object java.lang.invoke.DirectMethodHandle$Holder.invokeSpecial(java.lang.Object, java.lang.Object, long)'> (0x000000008b9af5b0) thrown at [src/hotspot/share/interpreter/linkResolver.cpp, line 773]
Event: 25.776 Thread 0x00000231c8440800 Exception <a 'java/lang/NoSuchMethodError'{0x000000008b9ba458}: 'java.lang.Object java.lang.invoke.DirectMethodHandle$Holder.invokeStaticInit(java.lang.Object, java.lang.Object, long, java.lang.Object)'> (0x000000008b9ba458) thrown at [src/hotspot/share/interpreter/linkResolver.cpp, line 773]
Event: 25.911 Thread 0x00000231c8440800 Exception <a 'java/lang/NoSuchMethodError'{0x000000008b742748}: 'int java.lang.invoke.DirectMethodHandle$Holder.invokeSpecialIFC(java.lang.Object, java.lang.Object, java.lang.Object)'> (0x000000008b742748) thrown at [src/hotspot/share/interpreter/linkResolver.cpp, line 773]
Event: 30.326 Thread 0x00000231c8440800 Exception <a 'sun/nio/fs/WindowsException'{0x0000000089438a88}> (0x0000000089438a88) thrown at [src/hotspot/share/prims/jni.cpp, line 617]
Event: 30.329 Thread 0x00000231c8440800 Exception <a 'sun/nio/fs/WindowsException'{0x000000008945f460}> (0x000000008945f460) thrown at [src/hotspot/share/prims/jni.cpp, line 617]
Event: 30.329 Thread 0x00000231c8440800 Exception <a 'sun/nio/fs/WindowsException'{0x000000008945f550}> (0x000000008945f550) thrown at [src/hotspot/share/prims/jni.cpp, line 617]
Event: 30.384 Thread 0x00000231c8440800 Implicit null exception at 0x00000231b6e8fcdf to 0x00000231b6e8fe34
Event: 30.741 Thread 0x00000231c843c800 Exception <a 'java/lang/NoSuchMethodError'{0x000000008ea10900}: 'java.lang.Object java.lang.invoke.DirectMethodHandle$Holder.newInvokeSpecial(java.lang.Object, java.lang.Object, java.lang.Object, java.lang.Object)'> (0x000000008ea10900) thrown at [src/hotspot/share/interpreter/linkResolver.cpp, line 773]
Event: 30.905 Thread 0x00000231c843e000 Implicit null exception at 0x00000231b6a77bfc to 0x00000231b6a77c85
Event: 33.038 Thread 0x00000231c843e000 Exception <a 'sun/nio/fs/WindowsException'{0x000000008ddc6df0}> (0x000000008ddc6df0) thrown at [src/hotspot/share/prims/jni.cpp, line 617]
Event: 33.040 Thread 0x00000231c843e000 Exception <a 'java/lang/NoSuchMethodError'{0x000000008ddcfc50}: 'java.lang.Object java.lang.invoke.DirectMethodHandle$Holder.invokeSpecial(java.lang.Object, java.lang.Object, java.lang.Object, java.lang.Object, java.lang.Object, int, int)'> (0x000000008ddcfc50) thrown at [src/hotspot/share/interpreter/linkResolver.cpp, line 773]
Event: 33.042 Thread 0x00000231c843e000 Exception <a 'java/lang/NoSuchMethodError'{0x000000008ddd3968}: 'java.lang.Object java.lang.invoke.Invokers$Holder.linkToTargetMethod(java.lang.Object, java.lang.Object, java.lang.Object, int, int, java.lang.Object)'> (0x000000008ddd3968) thrown at [src/hotspot/share/interpreter/linkResolver.cpp, line 773]
Event: 33.053 Thread 0x00000231c843e000 Exception <a 'java/lang/NoSuchMethodError'{0x000000008dc22250}: 'void java.lang.invoke.DirectMethodHandle$Holder.invokeVirtual(java.lang.Object, java.lang.Object, java.lang.Object, java.lang.Object)'> (0x000000008dc22250) thrown at [src/hotspot/share/interpreter/linkResolver.cpp, line 773]

Events (20 events):
Event: 33.615 loading class com/sun/tools/javac/main/Arguments$ErrorReporter
Event: 33.615 loading class com/sun/tools/javac/main/Arguments$ErrorReporter done
Event: 33.616 loading class com/sun/tools/javac/resources/spi/javacProvider
Event: 33.616 loading class com/sun/tools/javac/resources/spi/javacProvider done
Event: 33.628 loading class jdk/internal/math/FloatingDecimal$HexFloatPattern
Event: 33.628 loading class jdk/internal/math/FloatingDecimal$HexFloatPattern done
Event: 33.649 loading class com/sun/tools/javac/parser/Tokens$TokenKind
Event: 33.649 loading class com/sun/tools/javac/parser/Tokens$TokenKind done
Event: 33.649 loading class com/sun/tools/javac/parser/Tokens$TokenKind
Event: 33.649 loading class com/sun/tools/javac/parser/Tokens$TokenKind done
Event: 33.649 loading class com/sun/tools/javac/util/Filter
Event: 33.649 loading class com/sun/tools/javac/util/Filter done
Event: 33.673 Executing VM operation: Deoptimize
Event: 33.676 Executing VM operation: Deoptimize done
Event: 33.694 loading class com/sun/tools/javac/tree/JCTree
Event: 33.694 loading class com/sun/tools/javac/tree/JCTree done
Event: 33.694 loading class com/sun/tools/javac/tree/JCTree
Event: 33.694 loading class com/sun/tools/javac/tree/JCTree done
Event: 33.826 Thread 0x00000231cb60a000 Thread added: 0x00000231cb60a000
Event: 33.826 Thread 0x00000231cb607800 Thread added: 0x00000231cb607800


Dynamic libraries:
0x00007ff7d6cc0000 - 0x00007ff7d6cca000 	E:\Android\Android Studio\jbr\bin\java.exe
0x00007ffa6d730000 - 0x00007ffa6d944000 	C:\WINDOWS\SYSTEM32\ntdll.dll
0x00007ffa6d240000 - 0x00007ffa6d303000 	C:\WINDOWS\System32\KERNEL32.DLL
0x00007ffa6ae50000 - 0x00007ffa6b1ec000 	C:\WINDOWS\System32\KERNELBASE.dll
0x00007ffa6ac10000 - 0x00007ffa6ad21000 	C:\WINDOWS\System32\ucrtbase.dll
0x00007ffa5efd0000 - 0x00007ffa5efeb000 	E:\Android\Android Studio\jbr\bin\VCRUNTIME140.dll
0x00007ffa62080000 - 0x00007ffa62097000 	E:\Android\Android Studio\jbr\bin\jli.dll
0x00007ffa6ba10000 - 0x00007ffa6bbbd000 	C:\WINDOWS\System32\USER32.dll
0x00007ffa4c780000 - 0x00007ffa4ca0e000 	C:\WINDOWS\WinSxS\amd64_microsoft.windows.common-controls_6595b64144ccf1df_6.0.22621.608_none_a9444ca7c10bb01d\COMCTL32.dll
0x00007ffa6b320000 - 0x00007ffa6b346000 	C:\WINDOWS\System32\win32u.dll
0x00007ffa6bbc0000 - 0x00007ffa6bc67000 	C:\WINDOWS\System32\msvcrt.dll
0x00007ffa6b9e0000 - 0x00007ffa6ba09000 	C:\WINDOWS\System32\GDI32.dll
0x00007ffa6ad30000 - 0x00007ffa6ae43000 	C:\WINDOWS\System32\gdi32full.dll
0x00007ffa6ab70000 - 0x00007ffa6ac0a000 	C:\WINDOWS\System32\msvcp_win.dll
0x00007ffa6b770000 - 0x00007ffa6b7a1000 	C:\WINDOWS\System32\IMM32.DLL
0x00007ffa62870000 - 0x00007ffa6287c000 	E:\Android\Android Studio\jbr\bin\vcruntime140_1.dll
0x00007ffa38390000 - 0x00007ffa3841d000 	E:\Android\Android Studio\jbr\bin\msvcp140.dll
0x00007ffa25450000 - 0x00007ffa2600c000 	E:\Android\Android Studio\jbr\bin\server\jvm.dll
0x00007ffa6d0e0000 - 0x00007ffa6d18e000 	C:\WINDOWS\System32\ADVAPI32.dll
0x00007ffa6b5a0000 - 0x00007ffa6b644000 	C:\WINDOWS\System32\sechost.dll
0x00007ffa6c640000 - 0x00007ffa6c755000 	C:\WINDOWS\System32\RPCRT4.dll
0x00007ffa6c2a0000 - 0x00007ffa6c2a8000 	C:\WINDOWS\System32\PSAPI.DLL
0x00007ffa62230000 - 0x00007ffa62264000 	C:\WINDOWS\SYSTEM32\WINMM.dll
0x00007ffa62e20000 - 0x00007ffa62e29000 	C:\WINDOWS\SYSTEM32\WSOCK32.dll
0x00007ffa61820000 - 0x00007ffa6182a000 	C:\WINDOWS\SYSTEM32\VERSION.dll
0x00007ffa6b6f0000 - 0x00007ffa6b761000 	C:\WINDOWS\System32\WS2_32.dll
0x00007ffa69bc0000 - 0x00007ffa69bd8000 	C:\WINDOWS\SYSTEM32\kernel.appcore.dll
0x00007ffa62c80000 - 0x00007ffa62c90000 	E:\Android\Android Studio\jbr\bin\verify.dll
0x00007ffa68650000 - 0x00007ffa6887e000 	C:\WINDOWS\SYSTEM32\DBGHELP.DLL
0x00007ffa6c2b0000 - 0x00007ffa6c639000 	C:\WINDOWS\System32\combase.dll
0x00007ffa6d4d0000 - 0x00007ffa6d5a7000 	C:\WINDOWS\System32\OLEAUT32.dll
0x00007ffa56de0000 - 0x00007ffa56e12000 	C:\WINDOWS\SYSTEM32\dbgcore.DLL
0x00007ffa6b4c0000 - 0x00007ffa6b53b000 	C:\WINDOWS\System32\bcryptPrimitives.dll
0x00007ffa61f20000 - 0x00007ffa61f48000 	E:\Android\Android Studio\jbr\bin\java.dll
0x00007ffa62800000 - 0x00007ffa6280a000 	E:\Android\Android Studio\jbr\bin\jimage.dll
0x00007ffa60100000 - 0x00007ffa60118000 	E:\Android\Android Studio\jbr\bin\zip.dll
0x00007ffa6c7f0000 - 0x00007ffa6cfe0000 	C:\WINDOWS\System32\SHELL32.dll
0x00007ffa68b80000 - 0x00007ffa6944e000 	C:\WINDOWS\SYSTEM32\windows.storage.dll
0x00007ffa68a40000 - 0x00007ffa68b7e000 	C:\WINDOWS\SYSTEM32\wintypes.dll
0x00007ffa6cfe0000 - 0x00007ffa6d0d1000 	C:\WINDOWS\System32\SHCORE.dll
0x00007ffa6d690000 - 0x00007ffa6d6ee000 	C:\WINDOWS\System32\shlwapi.dll
0x00007ffa6aaa0000 - 0x00007ffa6aac1000 	C:\WINDOWS\SYSTEM32\profapi.dll
0x00007ffa600e0000 - 0x00007ffa600f9000 	E:\Android\Android Studio\jbr\bin\net.dll
0x00007ffa61b70000 - 0x00007ffa61c9f000 	C:\WINDOWS\SYSTEM32\WINHTTP.dll
0x00007ffa6a030000 - 0x00007ffa6a099000 	C:\WINDOWS\system32\mswsock.dll
0x00007ffa5d990000 - 0x00007ffa5d9a3000 	E:\Android\Android Studio\jbr\bin\nio.dll
0x00007ffa3eec0000 - 0x00007ffa3eee7000 	C:\Users\vuong\.gradle\native\e1d6ef7f7dcc3fd88c89a11ec53ec762bb8ba0a96d01ffa2cd45eb1d1d8dd5c5\windows-amd64\native-platform.dll
0x00007ffa2ea50000 - 0x00007ffa2eb94000 	C:\Users\vuong\.gradle\native\0d407fdbe67a94daf76414ababcb853783967236a71b16ec16e742cd7a986fd3\windows-amd64\native-platform-file-events.dll
0x00007ffa62c70000 - 0x00007ffa62c7a000 	E:\Android\Android Studio\jbr\bin\management.dll
0x00007ffa62110000 - 0x00007ffa6211b000 	E:\Android\Android Studio\jbr\bin\management_ext.dll
0x00007ffa6a2a0000 - 0x00007ffa6a2bb000 	C:\WINDOWS\SYSTEM32\CRYPTSP.dll
0x00007ffa69b30000 - 0x00007ffa69b65000 	C:\WINDOWS\system32\rsaenh.dll
0x00007ffa6a130000 - 0x00007ffa6a158000 	C:\WINDOWS\SYSTEM32\USERENV.dll
0x00007ffa6a450000 - 0x00007ffa6a478000 	C:\WINDOWS\SYSTEM32\bcrypt.dll
0x00007ffa6a290000 - 0x00007ffa6a29c000 	C:\WINDOWS\SYSTEM32\CRYPTBASE.dll
0x00007ffa696a0000 - 0x00007ffa696cd000 	C:\WINDOWS\SYSTEM32\IPHLPAPI.DLL
0x00007ffa6c290000 - 0x00007ffa6c299000 	C:\WINDOWS\System32\NSI.dll
0x00007ffa61d70000 - 0x00007ffa61d89000 	C:\WINDOWS\SYSTEM32\dhcpcsvc6.DLL
0x00007ffa61b00000 - 0x00007ffa61b1f000 	C:\WINDOWS\SYSTEM32\dhcpcsvc.DLL
0x00007ffa69710000 - 0x00007ffa69803000 	C:\WINDOWS\SYSTEM32\DNSAPI.dll

dbghelp: loaded successfully - version: 4.0.5 - missing functions: none
symbol engine: initialized successfully - sym options: 0x614 - pdb path: .;E:\Android\Android Studio\jbr\bin;C:\WINDOWS\SYSTEM32;C:\WINDOWS\WinSxS\amd64_microsoft.windows.common-controls_6595b64144ccf1df_6.0.22621.608_none_a9444ca7c10bb01d;E:\Android\Android Studio\jbr\bin\server;C:\Users\vuong\.gradle\native\e1d6ef7f7dcc3fd88c89a11ec53ec762bb8ba0a96d01ffa2cd45eb1d1d8dd5c5\windows-amd64;C:\Users\vuong\.gradle\native\0d407fdbe67a94daf76414ababcb853783967236a71b16ec16e742cd7a986fd3\windows-amd64

VM Arguments:
jvm_args: --add-opens=java.base/java.util=ALL-UNNAMED --add-opens=java.base/java.lang=ALL-UNNAMED --add-opens=java.base/java.lang.invoke=ALL-UNNAMED --add-opens=java.base/java.util=ALL-UNNAMED --add-opens=java.prefs/java.util.prefs=ALL-UNNAMED --add-opens=java.prefs/java.util.prefs=ALL-UNNAMED --add-opens=java.base/java.nio.charset=ALL-UNNAMED --add-opens=java.base/java.net=ALL-UNNAMED --add-opens=java.base/java.util.concurrent.atomic=ALL-UNNAMED -Xmx2048m -Dfile.encoding=UTF-8 -Duser.country=US -Duser.language=en -Duser.variant 
java_command: org.gradle.launcher.daemon.bootstrap.GradleDaemon 7.5
java_class_path (initial): C:\Users\vuong\.gradle\wrapper\dists\gradle-7.5-bin\f1w0cc9nuo0eivz97x2xlu9sv\gradle-7.5\lib\gradle-launcher-7.5.jar
Launcher Type: SUN_STANDARD

[Global flags]
     intx CICompilerCount                          = 4                                         {product} {ergonomic}
     uint ConcGCThreads                            = 2                                         {product} {ergonomic}
     uint G1ConcRefinementThreads                  = 8                                         {product} {ergonomic}
   size_t G1HeapRegionSize                         = 1048576                                   {product} {ergonomic}
    uintx GCDrainStackTargetSize                   = 64                                        {product} {ergonomic}
   size_t InitialHeapSize                          = 266338304                                 {product} {ergonomic}
   size_t MarkStackSize                            = 4194304                                   {product} {ergonomic}
   size_t MaxHeapSize                              = 2147483648                                {product} {command line}
   size_t MaxNewSize                               = 1287651328                                {product} {ergonomic}
   size_t MinHeapDeltaBytes                        = 1048576                                   {product} {ergonomic}
    uintx NonNMethodCodeHeapSize                   = 5836300                                {pd product} {ergonomic}
    uintx NonProfiledCodeHeapSize                  = 122910970                              {pd product} {ergonomic}
    uintx ProfiledCodeHeapSize                     = 122910970                              {pd product} {ergonomic}
    uintx ReservedCodeCacheSize                    = 251658240                              {pd product} {ergonomic}
     bool SegmentedCodeCache                       = true                                      {product} {ergonomic}
     bool UseCompressedClassPointers               = true                                 {lp64_product} {ergonomic}
     bool UseCompressedOops                        = true                                 {lp64_product} {ergonomic}
     bool UseG1GC                                  = true                                      {product} {ergonomic}
     bool UseLargePagesIndividualAllocation        = false                                  {pd product} {ergonomic}

Logging:
Log output configuration:
 #0: stdout all=warning uptime,level,tags
 #1: stderr all=off uptime,level,tags

Environment Variables:
JAVA_HOME=E:\Program Files\Java\jre1.8.0_331
PATH=E:\Program Files\Python\Scripts\;E:\Program Files\Python\;C:\Program Files\Microsoft\jdk-11.0.18.10-hotspot\bin;E:\VMWare\VMWare WorkStation\bin\;C:\WINDOWS\system32;C:\WINDOWS;C:\WINDOWS\System32\Wbem;C:\WINDOWS\System32\WindowsPowerShell\v1.0\;C:\WINDOWS\System32\OpenSSH\;C:\Program Files\Microsoft\jdk-11.0.18.10-hotspot\\bin;C:\ProgramData\ComposerSetup\bin;C:\ProgramData\chocolatey\bin;E:\Program Files\Git\cmd;C:\Users\vuong\AppData\Local\Android\Sdk\platform-tools;C:\Users\vuong\AppData\Local\Microsoft\WindowsApps;E:\Microsoft VS Code\bin;E:\xampp\php;C:\Users\vuong\AppData\Roaming\Composer\vendor\bin;E:\Program Files\JetBrains\PhpStorm 2022.2.3\bin;;E:\Program Files\JetBrains\IntelliJ IDEA Community Edition 2022.3.2\bin;;;E:\Program Files\PyCharm 2023.1\bin;
USERNAME=vuong
OS=Windows_NT
PROCESSOR_IDENTIFIER=Intel64 Family 6 Model 142 Stepping 12, GenuineIntel



---------------  S Y S T E M  ---------------

OS: Windows 11 , 64 bit Build 22621 (10.0.22621.1344)
OS uptime: 1 days 1:51 hours

CPU:total 8 (initial active 8) (4 cores per cpu, 2 threads per core) family 6 model 142 stepping 12 microcode 0xec, cmov, cx8, fxsr, mmx, sse, sse2, sse3, ssse3, sse4.1, sse4.2, popcnt, avx, avx2, aes, clmul, erms, 3dnowpref, lzcnt, ht, tsc, tscinvbit, bmi1, bmi2, adx, fma

Memory: 4k page, system-wide physical 16206M (587M free)
TotalPageFile size 33297M (AvailPageFile size 6M)
current process WorkingSet (physical memory assigned to process): 524M, peak: 547M
current process commit charge ("private bytes"): 600M, peak: 601M

vm_info: OpenJDK 64-Bit Server VM (11.0.15+0-b2043.56-9505619) for windows-amd64 JRE (11.0.15+0-b2043.56-9505619), built on Jan 19 2023 02:48:00 by "builduser" with unknown MS VC++:1929

END.
